{"/home/runner/work/movies-tracker/movies-tracker/src/App.tsx": {"path":"/home/runner/work/movies-tracker/movies-tracker/src/App.tsx","statementMap":{"0":{"start":{"line":18,"column":22},"end":{"line":18,"column":null}},"1":{"start":{"line":20,"column":2},"end":{"line":39,"column":null}},"2":{"start":{"line":41,"column":2},"end":{"line":49,"column":null}}},"fnMap":{"0":{"name":"App","decl":{"start":{"line":17,"column":9},"end":{"line":17,"column":15}},"loc":{"start":{"line":17,"column":15},"end":{"line":51,"column":null}}}},"branchMap":{},"s":{"0":0,"1":0,"2":0},"f":{"0":0},"b":{}}
,"/home/runner/work/movies-tracker/movies-tracker/src/main.tsx": {"path":"/home/runner/work/movies-tracker/movies-tracker/src/main.tsx","statementMap":{"0":{"start":{"line":8,"column":0},"end":{"line":21,"column":null}},"1":{"start":{"line":23,"column":0},"end":{"line":27,"column":null}}},"fnMap":{},"branchMap":{},"s":{"0":0,"1":0},"f":{},"b":{}}
,"/home/runner/work/movies-tracker/movies-tracker/src/HOC/withApiFunctions.tsx": {"path":"/home/runner/work/movies-tracker/movies-tracker/src/HOC/withApiFunctions.tsx","statementMap":{"0":{"start":{"line":9,"column":25},"end":{"line":15,"column":null}},"1":{"start":{"line":10,"column":27},"end":{"line":12,"column":null}},"2":{"start":{"line":11,"column":4},"end":{"line":11,"column":null}},"3":{"start":{"line":14,"column":2},"end":{"line":14,"column":null}}},"fnMap":{"0":{"name":"(anonymous_0)","decl":{"start":{"line":9,"column":25},"end":{"line":9,"column":26}},"loc":{"start":{"line":9,"column":79},"end":{"line":15,"column":null}}},"1":{"name":"(anonymous_1)","decl":{"start":{"line":10,"column":27},"end":{"line":10,"column":28}},"loc":{"start":{"line":10,"column":52},"end":{"line":12,"column":null}}}},"branchMap":{},"s":{"0":0,"1":0,"2":0,"3":0},"f":{"0":0,"1":0},"b":{}}
,"/home/runner/work/movies-tracker/movies-tracker/src/api/account.ts": {"path":"/home/runner/work/movies-tracker/movies-tracker/src/api/account.ts","statementMap":{"0":{"start":{"line":4,"column":33},"end":{"line":7,"column":null}},"1":{"start":{"line":5,"column":19},"end":{"line":5,"column":null}},"2":{"start":{"line":6,"column":2},"end":{"line":6,"column":null}},"3":{"start":{"line":9,"column":33},"end":{"line":18,"column":null}},"4":{"start":{"line":14,"column":19},"end":{"line":16,"column":null}},"5":{"start":{"line":17,"column":2},"end":{"line":17,"column":null}},"6":{"start":{"line":20,"column":36},"end":{"line":29,"column":null}},"7":{"start":{"line":25,"column":19},"end":{"line":27,"column":null}},"8":{"start":{"line":28,"column":2},"end":{"line":28,"column":null}},"9":{"start":{"line":31,"column":30},"end":{"line":40,"column":null}},"10":{"start":{"line":36,"column":19},"end":{"line":38,"column":null}},"11":{"start":{"line":39,"column":2},"end":{"line":39,"column":null}}},"fnMap":{"0":{"name":"(anonymous_0)","decl":{"start":{"line":4,"column":33},"end":{"line":4,"column":40}},"loc":{"start":{"line":4,"column":81},"end":{"line":7,"column":null}}},"1":{"name":"(anonymous_1)","decl":{"start":{"line":9,"column":33},"end":{"line":9,"column":null}},"loc":{"start":{"line":13,"column":28},"end":{"line":18,"column":null}}},"2":{"name":"(anonymous_2)","decl":{"start":{"line":20,"column":36},"end":{"line":20,"column":null}},"loc":{"start":{"line":24,"column":28},"end":{"line":29,"column":null}}},"3":{"name":"(anonymous_3)","decl":{"start":{"line":31,"column":30},"end":{"line":31,"column":null}},"loc":{"start":{"line":35,"column":28},"end":{"line":40,"column":null}}}},"branchMap":{},"s":{"0":4,"1":0,"2":0,"3":4,"4":0,"5":0,"6":4,"7":0,"8":0,"9":4,"10":0,"11":0},"f":{"0":0,"1":0,"2":0,"3":0},"b":{}}
,"/home/runner/work/movies-tracker/movies-tracker/src/api/authentication.ts": {"path":"/home/runner/work/movies-tracker/movies-tracker/src/api/authentication.ts","statementMap":{"0":{"start":{"line":4,"column":21},"end":{"line":10,"column":null}},"1":{"start":{"line":5,"column":2},"end":{"line":9,"column":null}},"2":{"start":{"line":12,"column":29},"end":{"line":13,"column":null}},"3":{"start":{"line":13,"column":2},"end":{"line":13,"column":null}},"4":{"start":{"line":15,"column":31},"end":{"line":17,"column":null}},"5":{"start":{"line":16,"column":4},"end":{"line":16,"column":null}},"6":{"start":{"line":19,"column":33},"end":{"line":19,"column":null}},"7":{"start":{"line":19,"column":39},"end":{"line":19,"column":null}}},"fnMap":{"0":{"name":"(anonymous_0)","decl":{"start":{"line":4,"column":21},"end":{"line":4,"column":22}},"loc":{"start":{"line":4,"column":79},"end":{"line":10,"column":null}}},"1":{"name":"(anonymous_1)","decl":{"start":{"line":12,"column":29},"end":{"line":12,"column":30}},"loc":{"start":{"line":13,"column":2},"end":{"line":13,"column":null}}},"2":{"name":"(anonymous_2)","decl":{"start":{"line":15,"column":31},"end":{"line":15,"column":32}},"loc":{"start":{"line":15,"column":54},"end":{"line":17,"column":null}}},"3":{"name":"(anonymous_3)","decl":{"start":{"line":19,"column":33},"end":{"line":19,"column":39}},"loc":{"start":{"line":19,"column":39},"end":{"line":19,"column":null}}}},"branchMap":{},"s":{"0":4,"1":0,"2":4,"3":0,"4":4,"5":0,"6":4,"7":0},"f":{"0":0,"1":0,"2":0,"3":0},"b":{}}
,"/home/runner/work/movies-tracker/movies-tracker/src/api/axiosInstance.ts": {"path":"/home/runner/work/movies-tracker/movies-tracker/src/api/axiosInstance.ts","statementMap":{"0":{"start":{"line":3,"column":16},"end":{"line":3,"column":null}},"1":{"start":{"line":5,"column":22},"end":{"line":5,"column":null}},"2":{"start":{"line":7,"column":0},"end":{"line":16,"column":null}},"3":{"start":{"line":9,"column":4},"end":{"line":12,"column":null}},"4":{"start":{"line":13,"column":4},"end":{"line":13,"column":null}},"5":{"start":{"line":15,"column":13},"end":{"line":15,"column":null}}},"fnMap":{"0":{"name":"(anonymous_0)","decl":{"start":{"line":8,"column":2},"end":{"line":8,"column":3}},"loc":{"start":{"line":8,"column":14},"end":{"line":14,"column":null}}},"1":{"name":"(anonymous_1)","decl":{"start":{"line":15,"column":2},"end":{"line":15,"column":3}},"loc":{"start":{"line":15,"column":13},"end":{"line":15,"column":null}}}},"branchMap":{},"s":{"0":4,"1":4,"2":4,"3":2,"4":2,"5":0},"f":{"0":2,"1":0},"b":{}}
,"/home/runner/work/movies-tracker/movies-tracker/src/api/movie.ts": {"path":"/home/runner/work/movies-tracker/movies-tracker/src/api/movie.ts","statementMap":{"0":{"start":{"line":13,"column":25},"end":{"line":33,"column":null}},"1":{"start":{"line":21,"column":19},"end":{"line":31,"column":null}},"2":{"start":{"line":25,"column":56},"end":{"line":25,"column":62}},"3":{"start":{"line":32,"column":2},"end":{"line":32,"column":null}},"4":{"start":{"line":35,"column":33},"end":{"line":41,"column":null}},"5":{"start":{"line":39,"column":19},"end":{"line":39,"column":null}},"6":{"start":{"line":40,"column":2},"end":{"line":40,"column":null}},"7":{"start":{"line":43,"column":28},"end":{"line":51,"column":null}},"8":{"start":{"line":44,"column":19},"end":{"line":49,"column":null}},"9":{"start":{"line":50,"column":2},"end":{"line":50,"column":null}},"10":{"start":{"line":53,"column":24},"end":{"line":65,"column":null}},"11":{"start":{"line":58,"column":19},"end":{"line":63,"column":null}},"12":{"start":{"line":64,"column":2},"end":{"line":64,"column":null}},"13":{"start":{"line":67,"column":25},"end":{"line":70,"column":null}},"14":{"start":{"line":68,"column":19},"end":{"line":68,"column":null}},"15":{"start":{"line":69,"column":2},"end":{"line":69,"column":null}},"16":{"start":{"line":72,"column":32},"end":{"line":78,"column":null}},"17":{"start":{"line":73,"column":2},"end":{"line":77,"column":null}},"18":{"start":{"line":80,"column":35},"end":{"line":91,"column":null}},"19":{"start":{"line":86,"column":2},"end":{"line":90,"column":null}},"20":{"start":{"line":93,"column":25},"end":{"line":97,"column":null}},"21":{"start":{"line":94,"column":2},"end":{"line":96,"column":null}},"22":{"start":{"line":99,"column":33},"end":{"line":101,"column":null}},"23":{"start":{"line":100,"column":2},"end":{"line":100,"column":null}}},"fnMap":{"0":{"name":"(anonymous_0)","decl":{"start":{"line":13,"column":25},"end":{"line":13,"column":32}},"loc":{"start":{"line":20,"column":47},"end":{"line":33,"column":null}}},"1":{"name":"(anonymous_1)","decl":{"start":{"line":25,"column":39},"end":{"line":25,"column":40}},"loc":{"start":{"line":25,"column":56},"end":{"line":25,"column":62}}},"2":{"name":"(anonymous_2)","decl":{"start":{"line":35,"column":33},"end":{"line":35,"column":null}},"loc":{"start":{"line":38,"column":24},"end":{"line":41,"column":null}}},"3":{"name":"(anonymous_3)","decl":{"start":{"line":43,"column":28},"end":{"line":43,"column":35}},"loc":{"start":{"line":43,"column":90},"end":{"line":51,"column":null}}},"4":{"name":"(anonymous_4)","decl":{"start":{"line":53,"column":24},"end":{"line":53,"column":null}},"loc":{"start":{"line":57,"column":22},"end":{"line":65,"column":null}}},"5":{"name":"(anonymous_5)","decl":{"start":{"line":67,"column":25},"end":{"line":67,"column":32}},"loc":{"start":{"line":67,"column":80},"end":{"line":70,"column":null}}},"6":{"name":"(anonymous_6)","decl":{"start":{"line":72,"column":32},"end":{"line":72,"column":33}},"loc":{"start":{"line":72,"column":99},"end":{"line":78,"column":null}}},"7":{"name":"(anonymous_7)","decl":{"start":{"line":80,"column":35},"end":{"line":80,"column":36}},"loc":{"start":{"line":85,"column":25},"end":{"line":91,"column":null}}},"8":{"name":"(anonymous_8)","decl":{"start":{"line":93,"column":25},"end":{"line":93,"column":26}},"loc":{"start":{"line":93,"column":72},"end":{"line":97,"column":null}}},"9":{"name":"(anonymous_9)","decl":{"start":{"line":99,"column":33},"end":{"line":99,"column":34}},"loc":{"start":{"line":99,"column":78},"end":{"line":101,"column":null}}}},"branchMap":{"0":{"loc":{"start":{"line":24,"column":15},"end":{"line":24,"column":null}},"type":"cond-expr","locations":[{"start":{"line":24,"column":63},"end":{"line":24,"column":76}},{"start":{"line":24,"column":76},"end":{"line":24,"column":null}}]},"1":{"loc":{"start":{"line":24,"column":15},"end":{"line":24,"column":63}},"type":"binary-expr","locations":[{"start":{"line":24,"column":15},"end":{"line":24,"column":45}},{"start":{"line":24,"column":45},"end":{"line":24,"column":63}}]},"2":{"loc":{"start":{"line":25,"column":19},"end":{"line":25,"column":null}},"type":"binary-expr","locations":[{"start":{"line":25,"column":19},"end":{"line":25,"column":77}},{"start":{"line":25,"column":77},"end":{"line":25,"column":null}}]},"3":{"loc":{"start":{"line":26,"column":34},"end":{"line":28,"column":null}},"type":"cond-expr","locations":[{"start":{"line":27,"column":10},"end":{"line":27,"column":null}},{"start":{"line":28,"column":10},"end":{"line":28,"column":null}}]},"4":{"loc":{"start":{"line":29,"column":34},"end":{"line":29,"column":null}},"type":"cond-expr","locations":[{"start":{"line":29,"column":44},"end":{"line":29,"column":95}},{"start":{"line":29,"column":95},"end":{"line":29,"column":null}}]},"5":{"loc":{"start":{"line":37,"column":2},"end":{"line":37,"column":null}},"type":"default-arg","locations":[{"start":{"line":37,"column":17},"end":{"line":37,"column":null}}]},"6":{"loc":{"start":{"line":43,"column":50},"end":{"line":43,"column":90}},"type":"default-arg","locations":[{"start":{"line":43,"column":65},"end":{"line":43,"column":90}}]}},"s":{"0":4,"1":0,"2":0,"3":0,"4":4,"5":0,"6":0,"7":4,"8":0,"9":0,"10":4,"11":0,"12":0,"13":4,"14":2,"15":0,"16":4,"17":0,"18":4,"19":0,"20":4,"21":0,"22":4,"23":0},"f":{"0":0,"1":0,"2":0,"3":0,"4":0,"5":2,"6":0,"7":0,"8":0,"9":0},"b":{"0":[0,0],"1":[0,0],"2":[0,0],"3":[0,0],"4":[0,0],"5":[0],"6":[0]}}
,"/home/runner/work/movies-tracker/movies-tracker/src/apiManager/index.ts": {"path":"/home/runner/work/movies-tracker/movies-tracker/src/apiManager/index.ts","statementMap":{"0":{"start":{"line":3,"column":19},"end":{"line":28,"column":null}}},"fnMap":{},"branchMap":{},"s":{"0":0},"f":{},"b":{}}
,"/home/runner/work/movies-tracker/movies-tracker/src/appRoutes/index.tsx": {"path":"/home/runner/work/movies-tracker/movies-tracker/src/appRoutes/index.tsx","statementMap":{"0":{"start":{"line":16,"column":20},"end":{"line":16,"column":null}},"1":{"start":{"line":17,"column":30},"end":{"line":17,"column":null}},"2":{"start":{"line":18,"column":29},"end":{"line":18,"column":null}},"3":{"start":{"line":19,"column":28},"end":{"line":19,"column":null}},"4":{"start":{"line":20,"column":21},"end":{"line":20,"column":null}},"5":{"start":{"line":21,"column":23},"end":{"line":21,"column":null}},"6":{"start":{"line":23,"column":18},"end":{"line":38,"column":null}},"7":{"start":{"line":24,"column":2},"end":{"line":36,"column":null}}},"fnMap":{"0":{"name":"(anonymous_0)","decl":{"start":{"line":23,"column":18},"end":{"line":23,"column":24}},"loc":{"start":{"line":23,"column":24},"end":{"line":38,"column":null}}}},"branchMap":{},"s":{"0":0,"1":0,"2":0,"3":0,"4":0,"5":0,"6":0,"7":0},"f":{"0":0},"b":{}}
,"/home/runner/work/movies-tracker/movies-tracker/src/appRoutes/privateRoute.tsx": {"path":"/home/runner/work/movies-tracker/movies-tracker/src/appRoutes/privateRoute.tsx","statementMap":{"0":{"start":{"line":4,"column":29},"end":{"line":8,"column":null}},"1":{"start":{"line":5,"column":30},"end":{"line":5,"column":null}},"2":{"start":{"line":7,"column":2},"end":{"line":7,"column":null}}},"fnMap":{"0":{"name":"(anonymous_0)","decl":{"start":{"line":4,"column":29},"end":{"line":4,"column":35}},"loc":{"start":{"line":4,"column":35},"end":{"line":8,"column":null}}}},"branchMap":{"0":{"loc":{"start":{"line":7,"column":12},"end":{"line":7,"column":63}},"type":"cond-expr","locations":[{"start":{"line":7,"column":30},"end":{"line":7,"column":43}},{"start":{"line":7,"column":43},"end":{"line":7,"column":63}}]}},"s":{"0":0,"1":0,"2":0},"f":{"0":0},"b":{"0":[0,0]}}
,"/home/runner/work/movies-tracker/movies-tracker/src/components/atoms/button/button.tsx": {"path":"/home/runner/work/movies-tracker/movies-tracker/src/components/atoms/button/button.tsx","statementMap":{"0":{"start":{"line":10,"column":22},"end":{"line":28,"column":null}},"1":{"start":{"line":11,"column":24},"end":{"line":15,"column":null}},"2":{"start":{"line":12,"column":4},"end":{"line":14,"column":null}},"3":{"start":{"line":13,"column":6},"end":{"line":13,"column":null}},"4":{"start":{"line":17,"column":2},"end":{"line":26,"column":null}}},"fnMap":{"0":{"name":"(anonymous_0)","decl":{"start":{"line":10,"column":22},"end":{"line":10,"column":23}},"loc":{"start":{"line":10,"column":46},"end":{"line":28,"column":null}}},"1":{"name":"(anonymous_1)","decl":{"start":{"line":11,"column":24},"end":{"line":11,"column":30}},"loc":{"start":{"line":11,"column":30},"end":{"line":15,"column":null}}}},"branchMap":{"0":{"loc":{"start":{"line":12,"column":4},"end":{"line":14,"column":null}},"type":"if","locations":[{"start":{"line":12,"column":4},"end":{"line":14,"column":null}},{"start":{"line":12,"column":4},"end":{"line":14,"column":null}}]},"1":{"loc":{"start":{"line":12,"column":8},"end":{"line":12,"column":42}},"type":"binary-expr","locations":[{"start":{"line":12,"column":8},"end":{"line":12,"column":27}},{"start":{"line":12,"column":27},"end":{"line":12,"column":42}}]}},"s":{"0":6,"1":6,"2":2,"3":1,"4":6},"f":{"0":6,"1":2},"b":{"0":[1,1],"1":[2,2]}}
,"/home/runner/work/movies-tracker/movies-tracker/src/components/atoms/divider/divider.tsx": {"path":"/home/runner/work/movies-tracker/movies-tracker/src/components/atoms/divider/divider.tsx","statementMap":{"0":{"start":{"line":1,"column":23},"end":{"line":5,"column":null}},"1":{"start":{"line":2,"column":2},"end":{"line":5,"column":null}}},"fnMap":{"0":{"name":"(anonymous_0)","decl":{"start":{"line":1,"column":23},"end":{"line":1,"column":null}},"loc":{"start":{"line":2,"column":2},"end":{"line":5,"column":null}}}},"branchMap":{},"s":{"0":6,"1":25},"f":{"0":25},"b":{}}
,"/home/runner/work/movies-tracker/movies-tracker/src/components/atoms/errorMessage/errorMessage.tsx": {"path":"/home/runner/work/movies-tracker/movies-tracker/src/components/atoms/errorMessage/errorMessage.tsx","statementMap":{"0":{"start":{"line":3,"column":28},"end":{"line":10,"column":null}},"1":{"start":{"line":4,"column":2},"end":{"line":8,"column":null}}},"fnMap":{"0":{"name":"(anonymous_0)","decl":{"start":{"line":3,"column":28},"end":{"line":3,"column":34}},"loc":{"start":{"line":3,"column":34},"end":{"line":10,"column":null}}}},"branchMap":{},"s":{"0":6,"1":1},"f":{"0":1},"b":{}}
,"/home/runner/work/movies-tracker/movies-tracker/src/components/atoms/input/input.tsx": {"path":"/home/runner/work/movies-tracker/movies-tracker/src/components/atoms/input/input.tsx","statementMap":{"0":{"start":{"line":8,"column":21},"end":{"line":16,"column":null}},"1":{"start":{"line":9,"column":2},"end":{"line":14,"column":null}}},"fnMap":{"0":{"name":"(anonymous_0)","decl":{"start":{"line":8,"column":21},"end":{"line":8,"column":22}},"loc":{"start":{"line":8,"column":53},"end":{"line":16,"column":null}}}},"branchMap":{},"s":{"0":6,"1":2},"f":{"0":2},"b":{}}
,"/home/runner/work/movies-tracker/movies-tracker/src/components/atoms/loadingSpinner/loadingSpinner.tsx": {"path":"/home/runner/work/movies-tracker/movies-tracker/src/components/atoms/loadingSpinner/loadingSpinner.tsx","statementMap":{"0":{"start":{"line":3,"column":30},"end":{"line":32,"column":null}},"1":{"start":{"line":4,"column":26},"end":{"line":4,"column":null}},"2":{"start":{"line":6,"column":2},"end":{"line":30,"column":null}}},"fnMap":{"0":{"name":"(anonymous_0)","decl":{"start":{"line":3,"column":30},"end":{"line":3,"column":36}},"loc":{"start":{"line":3,"column":36},"end":{"line":32,"column":null}}}},"branchMap":{},"s":{"0":6,"1":3,"2":3},"f":{"0":3},"b":{}}
,"/home/runner/work/movies-tracker/movies-tracker/src/components/molecules/actor/actor.tsx": {"path":"/home/runner/work/movies-tracker/movies-tracker/src/components/molecules/actor/actor.tsx","statementMap":{"0":{"start":{"line":3,"column":21},"end":{"line":20,"column":null}},"1":{"start":{"line":4,"column":2},"end":{"line":18,"column":null}}},"fnMap":{"0":{"name":"(anonymous_0)","decl":{"start":{"line":3,"column":21},"end":{"line":3,"column":22}},"loc":{"start":{"line":3,"column":54},"end":{"line":20,"column":null}}}},"branchMap":{"0":{"loc":{"start":{"line":9,"column":10},"end":{"line":11,"column":null}},"type":"cond-expr","locations":[{"start":{"line":10,"column":14},"end":{"line":10,"column":null}},{"start":{"line":11,"column":14},"end":{"line":11,"column":null}}]}},"s":{"0":2,"1":3},"f":{"0":3},"b":{"0":[2,1]}}
,"/home/runner/work/movies-tracker/movies-tracker/src/components/molecules/movie/movie.tsx": {"path":"/home/runner/work/movies-tracker/movies-tracker/src/components/molecules/movie/movie.tsx","statementMap":{"0":{"start":{"line":6,"column":21},"end":{"line":43,"column":null}},"1":{"start":{"line":7,"column":25},"end":{"line":24,"column":null}},"2":{"start":{"line":8,"column":4},"end":{"line":14,"column":null}},"3":{"start":{"line":9,"column":6},"end":{"line":14,"column":null}},"4":{"start":{"line":17,"column":4},"end":{"line":22,"column":null}},"5":{"start":{"line":26,"column":2},"end":{"line":41,"column":null}}},"fnMap":{"0":{"name":"(anonymous_0)","decl":{"start":{"line":6,"column":21},"end":{"line":6,"column":22}},"loc":{"start":{"line":6,"column":55},"end":{"line":43,"column":null}}},"1":{"name":"(anonymous_1)","decl":{"start":{"line":7,"column":25},"end":{"line":7,"column":31}},"loc":{"start":{"line":7,"column":31},"end":{"line":24,"column":null}}}},"branchMap":{"0":{"loc":{"start":{"line":8,"column":4},"end":{"line":14,"column":null}},"type":"if","locations":[{"start":{"line":8,"column":4},"end":{"line":14,"column":null}},{"start":{"line":8,"column":4},"end":{"line":14,"column":null}}]}},"s":{"0":1,"1":4,"2":4,"3":3,"4":1,"5":4},"f":{"0":4,"1":4},"b":{"0":[3,1]}}
,"/home/runner/work/movies-tracker/movies-tracker/src/components/molecules/movieRating/movieRating.tsx": {"path":"/home/runner/work/movies-tracker/movies-tracker/src/components/molecules/movieRating/movieRating.tsx","statementMap":{"0":{"start":{"line":3,"column":27},"end":{"line":7,"column":null}},"1":{"start":{"line":4,"column":2},"end":{"line":5,"column":null}}},"fnMap":{"0":{"name":"(anonymous_0)","decl":{"start":{"line":3,"column":27},"end":{"line":3,"column":28}},"loc":{"start":{"line":3,"column":59},"end":{"line":7,"column":null}}}},"branchMap":{},"s":{"0":2,"1":5},"f":{"0":5},"b":{}}
,"/home/runner/work/movies-tracker/movies-tracker/src/components/molecules/movieStatus/movieStatus.tsx": {"path":"/home/runner/work/movies-tracker/movies-tracker/src/components/molecules/movieStatus/movieStatus.tsx","statementMap":{"0":{"start":{"line":5,"column":27},"end":{"line":42,"column":null}},"1":{"start":{"line":6,"column":16},"end":{"line":6,"column":null}},"2":{"start":{"line":8,"column":2},"end":{"line":40,"column":null}},"3":{"start":{"line":35,"column":10},"end":{"line":37,"column":null}}},"fnMap":{"0":{"name":"(anonymous_0)","decl":{"start":{"line":5,"column":27},"end":{"line":5,"column":28}},"loc":{"start":{"line":5,"column":75},"end":{"line":42,"column":null}}},"1":{"name":"(anonymous_1)","decl":{"start":{"line":34,"column":45},"end":{"line":34,"column":46}},"loc":{"start":{"line":35,"column":10},"end":{"line":37,"column":null}}}},"branchMap":{},"s":{"0":2,"1":2,"2":2,"3":6},"f":{"0":2,"1":6},"b":{}}
,"/home/runner/work/movies-tracker/movies-tracker/src/components/molecules/movieTabs/movieTabs.tsx": {"path":"/home/runner/work/movies-tracker/movies-tracker/src/components/molecules/movieTabs/movieTabs.tsx","statementMap":{"0":{"start":{"line":11,"column":25},"end":{"line":39,"column":null}},"1":{"start":{"line":12,"column":16},"end":{"line":12,"column":null}},"2":{"start":{"line":14,"column":2},"end":{"line":37,"column":null}},"3":{"start":{"line":18,"column":10},"end":{"line":22,"column":null}}},"fnMap":{"0":{"name":"(anonymous_0)","decl":{"start":{"line":11,"column":25},"end":{"line":11,"column":26}},"loc":{"start":{"line":11,"column":97},"end":{"line":39,"column":null}}},"1":{"name":"(anonymous_1)","decl":{"start":{"line":17,"column":65},"end":{"line":17,"column":66}},"loc":{"start":{"line":18,"column":10},"end":{"line":22,"column":null}}}},"branchMap":{},"s":{"0":2,"1":1,"2":1,"3":3},"f":{"0":1,"1":3},"b":{}}
,"/home/runner/work/movies-tracker/movies-tracker/src/components/molecules/review/review.tsx": {"path":"/home/runner/work/movies-tracker/movies-tracker/src/components/molecules/review/review.tsx","statementMap":{"0":{"start":{"line":4,"column":22},"end":{"line":33,"column":null}},"1":{"start":{"line":5,"column":38},"end":{"line":5,"column":null}},"2":{"start":{"line":7,"column":2},"end":{"line":31,"column":null}},"3":{"start":{"line":26,"column":25},"end":{"line":26,"column":null}}},"fnMap":{"0":{"name":"(anonymous_0)","decl":{"start":{"line":4,"column":22},"end":{"line":4,"column":23}},"loc":{"start":{"line":4,"column":59},"end":{"line":33,"column":null}}},"1":{"name":"(anonymous_1)","decl":{"start":{"line":26,"column":19},"end":{"line":26,"column":25}},"loc":{"start":{"line":26,"column":25},"end":{"line":26,"column":null}}}},"branchMap":{"0":{"loc":{"start":{"line":19,"column":9},"end":{"line":22,"column":null}},"type":"cond-expr","locations":[{"start":{"line":20,"column":10},"end":{"line":20,"column":null}},{"start":{"line":22,"column":10},"end":{"line":22,"column":null}}]},"1":{"loc":{"start":{"line":28,"column":11},"end":{"line":28,"column":null}},"type":"cond-expr","locations":[{"start":{"line":28,"column":24},"end":{"line":28,"column":39}},{"start":{"line":28,"column":39},"end":{"line":28,"column":null}}]}},"s":{"0":2,"1":6,"2":6,"3":3},"f":{"0":6,"1":3},"b":{"0":[2,4],"1":[2,4]}}
,"/home/runner/work/movies-tracker/movies-tracker/src/components/organisms/drawer/drawer.tsx": {"path":"/home/runner/work/movies-tracker/movies-tracker/src/components/organisms/drawer/drawer.tsx","statementMap":{"0":{"start":{"line":28,"column":22},"end":{"line":132,"column":null}},"1":{"start":{"line":35,"column":22},"end":{"line":35,"column":null}},"2":{"start":{"line":37,"column":31},"end":{"line":37,"column":null}},"3":{"start":{"line":38,"column":53},"end":{"line":38,"column":null}},"4":{"start":{"line":40,"column":49},"end":{"line":47,"column":null}},"5":{"start":{"line":41,"column":37},"end":{"line":41,"column":null}},"6":{"start":{"line":43,"column":6},"end":{"line":43,"column":null}},"7":{"start":{"line":44,"column":6},"end":{"line":44,"column":null}},"8":{"start":{"line":45,"column":6},"end":{"line":45,"column":null}},"9":{"start":{"line":49,"column":2},"end":{"line":130,"column":null}},"10":{"start":{"line":76,"column":12},"end":{"line":83,"column":null}},"11":{"start":{"line":94,"column":14},"end":{"line":107,"column":null}},"12":{"start":{"line":96,"column":31},"end":{"line":96,"column":null}},"13":{"start":{"line":117,"column":29},"end":{"line":117,"column":null}}},"fnMap":{"0":{"name":"(anonymous_0)","decl":{"start":{"line":28,"column":22},"end":{"line":28,"column":23}},"loc":{"start":{"line":34,"column":6},"end":{"line":132,"column":null}}},"1":{"name":"(anonymous_1)","decl":{"start":{"line":41,"column":16},"end":{"line":41,"column":17}},"loc":{"start":{"line":41,"column":37},"end":{"line":41,"column":null}}},"2":{"name":"(anonymous_2)","decl":{"start":{"line":42,"column":15},"end":{"line":42,"column":21}},"loc":{"start":{"line":42,"column":21},"end":{"line":46,"column":null}}},"3":{"name":"(anonymous_3)","decl":{"start":{"line":75,"column":16},"end":{"line":75,"column":17}},"loc":{"start":{"line":76,"column":12},"end":{"line":83,"column":null}}},"4":{"name":"(anonymous_4)","decl":{"start":{"line":93,"column":27},"end":{"line":93,"column":28}},"loc":{"start":{"line":94,"column":14},"end":{"line":107,"column":null}}},"5":{"name":"(anonymous_5)","decl":{"start":{"line":96,"column":25},"end":{"line":96,"column":31}},"loc":{"start":{"line":96,"column":31},"end":{"line":96,"column":null}}},"6":{"name":"(anonymous_6)","decl":{"start":{"line":117,"column":23},"end":{"line":117,"column":29}},"loc":{"start":{"line":117,"column":29},"end":{"line":117,"column":null}}}},"branchMap":{"0":{"loc":{"start":{"line":72,"column":12},"end":{"line":74,"column":null}},"type":"cond-expr","locations":[{"start":{"line":73,"column":16},"end":{"line":73,"column":null}},{"start":{"line":74,"column":16},"end":{"line":74,"column":null}}]},"1":{"loc":{"start":{"line":99,"column":17},"end":{"line":102,"column":null}},"type":"binary-expr","locations":[{"start":{"line":99,"column":17},"end":{"line":99,"column":null}},{"start":{"line":100,"column":18},"end":{"line":102,"column":null}}]},"2":{"loc":{"start":{"line":114,"column":9},"end":{"line":127,"column":null}},"type":"binary-expr","locations":[{"start":{"line":114,"column":9},"end":{"line":114,"column":null}},{"start":{"line":115,"column":10},"end":{"line":127,"column":null}}]}},"s":{"0":4,"1":12,"2":12,"3":12,"4":12,"5":0,"6":0,"7":0,"8":0,"9":12,"10":36,"11":36,"12":0,"13":0},"f":{"0":12,"1":0,"2":0,"3":36,"4":36,"5":0,"6":0},"b":{"0":[0,12],"1":[36,12],"2":[12,12]}}
,"/home/runner/work/movies-tracker/movies-tracker/src/components/organisms/filters/filters.tsx": {"path":"/home/runner/work/movies-tracker/movies-tracker/src/components/organisms/filters/filters.tsx","statementMap":{"0":{"start":{"line":12,"column":23},"end":{"line":126,"column":null}},"1":{"start":{"line":25,"column":6},"end":{"line":25,"column":null}},"2":{"start":{"line":27,"column":2},"end":{"line":124,"column":null}},"3":{"start":{"line":51,"column":18},"end":{"line":57,"column":null}},"4":{"start":{"line":76,"column":36},"end":{"line":76,"column":null}},"5":{"start":{"line":88,"column":36},"end":{"line":88,"column":null}},"6":{"start":{"line":108,"column":14},"end":{"line":119,"column":null}},"7":{"start":{"line":109,"column":31},"end":{"line":109,"column":null}}},"fnMap":{"0":{"name":"(anonymous_0)","decl":{"start":{"line":12,"column":23},"end":{"line":12,"column":29}},"loc":{"start":{"line":12,"column":29},"end":{"line":126,"column":null}}},"1":{"name":"(anonymous_1)","decl":{"start":{"line":50,"column":36},"end":{"line":50,"column":37}},"loc":{"start":{"line":51,"column":18},"end":{"line":57,"column":null}}},"2":{"name":"(anonymous_2)","decl":{"start":{"line":76,"column":22},"end":{"line":76,"column":23}},"loc":{"start":{"line":76,"column":36},"end":{"line":76,"column":null}}},"3":{"name":"(anonymous_3)","decl":{"start":{"line":88,"column":22},"end":{"line":88,"column":23}},"loc":{"start":{"line":88,"column":36},"end":{"line":88,"column":null}}},"4":{"name":"(anonymous_4)","decl":{"start":{"line":107,"column":24},"end":{"line":107,"column":25}},"loc":{"start":{"line":108,"column":14},"end":{"line":119,"column":null}}},"5":{"name":"(anonymous_5)","decl":{"start":{"line":109,"column":25},"end":{"line":109,"column":31}},"loc":{"start":{"line":109,"column":31},"end":{"line":109,"column":null}}}},"branchMap":{"0":{"loc":{"start":{"line":102,"column":11},"end":{"line":120,"column":null}},"type":"cond-expr","locations":[{"start":{"line":103,"column":12},"end":{"line":105,"column":null}},{"start":{"line":107,"column":12},"end":{"line":120,"column":null}}]},"1":{"loc":{"start":{"line":111,"column":30},"end":{"line":111,"column":null}},"type":"cond-expr","locations":[{"start":{"line":111,"column":63},"end":{"line":111,"column":82}},{"start":{"line":111,"column":82},"end":{"line":111,"column":null}}]},"2":{"loc":{"start":{"line":114,"column":18},"end":{"line":114,"column":null}},"type":"binary-expr","locations":[{"start":{"line":114,"column":18},"end":{"line":114,"column":52}},{"start":{"line":114,"column":52},"end":{"line":114,"column":null}}]}},"s":{"0":5,"1":8,"2":8,"3":48,"4":0,"5":0,"6":12,"7":1},"f":{"0":8,"1":48,"2":0,"3":0,"4":12,"5":1},"b":{"0":[2,6],"1":[0,12],"2":[12,0]}}
,"/home/runner/work/movies-tracker/movies-tracker/src/components/organisms/filtersDialog/filtersDialog.tsx": {"path":"/home/runner/work/movies-tracker/movies-tracker/src/components/organisms/filtersDialog/filtersDialog.tsx","statementMap":{"0":{"start":{"line":13,"column":29},"end":{"line":50,"column":null}},"1":{"start":{"line":20,"column":16},"end":{"line":20,"column":null}},"2":{"start":{"line":21,"column":26},"end":{"line":21,"column":null}},"3":{"start":{"line":23,"column":2},"end":{"line":48,"column":null}}},"fnMap":{"0":{"name":"(anonymous_0)","decl":{"start":{"line":13,"column":29},"end":{"line":13,"column":30}},"loc":{"start":{"line":19,"column":6},"end":{"line":50,"column":null}}}},"branchMap":{},"s":{"0":4,"1":2,"2":2,"3":2},"f":{"0":2},"b":{}}
,"/home/runner/work/movies-tracker/movies-tracker/src/components/organisms/movieToolbar/movieToolbar.tsx": {"path":"/home/runner/work/movies-tracker/movies-tracker/src/components/organisms/movieToolbar/movieToolbar.tsx","statementMap":{"0":{"start":{"line":9,"column":28},"end":{"line":97,"column":null}},"1":{"start":{"line":26,"column":6},"end":{"line":26,"column":null}},"2":{"start":{"line":28,"column":2},"end":{"line":95,"column":null}},"3":{"start":{"line":91,"column":39},"end":{"line":91,"column":null}}},"fnMap":{"0":{"name":"(anonymous_0)","decl":{"start":{"line":9,"column":28},"end":{"line":9,"column":29}},"loc":{"start":{"line":9,"column":66},"end":{"line":97,"column":null}}},"1":{"name":"(anonymous_1)","decl":{"start":{"line":91,"column":22},"end":{"line":91,"column":23}},"loc":{"start":{"line":91,"column":39},"end":{"line":91,"column":null}}}},"branchMap":{"0":{"loc":{"start":{"line":31,"column":9},"end":{"line":46,"column":null}},"type":"cond-expr","locations":[{"start":{"line":32,"column":10},"end":{"line":34,"column":null}},{"start":{"line":36,"column":10},"end":{"line":46,"column":null}}]},"1":{"loc":{"start":{"line":43,"column":21},"end":{"line":43,"column":null}},"type":"cond-expr","locations":[{"start":{"line":43,"column":34},"end":{"line":43,"column":46}},{"start":{"line":43,"column":46},"end":{"line":43,"column":null}}]},"2":{"loc":{"start":{"line":51,"column":9},"end":{"line":66,"column":null}},"type":"cond-expr","locations":[{"start":{"line":52,"column":10},"end":{"line":54,"column":null}},{"start":{"line":56,"column":10},"end":{"line":66,"column":null}}]},"3":{"loc":{"start":{"line":63,"column":21},"end":{"line":63,"column":null}},"type":"cond-expr","locations":[{"start":{"line":63,"column":37},"end":{"line":63,"column":49}},{"start":{"line":63,"column":49},"end":{"line":63,"column":null}}]},"4":{"loc":{"start":{"line":78,"column":19},"end":{"line":78,"column":null}},"type":"cond-expr","locations":[{"start":{"line":78,"column":29},"end":{"line":78,"column":41}},{"start":{"line":78,"column":41},"end":{"line":78,"column":null}}]},"5":{"loc":{"start":{"line":84,"column":7},"end":{"line":93,"column":null}},"type":"binary-expr","locations":[{"start":{"line":84,"column":7},"end":{"line":84,"column":null}},{"start":{"line":85,"column":8},"end":{"line":93,"column":null}}]}},"s":{"0":5,"1":4,"2":4,"3":0},"f":{"0":4,"1":0},"b":{"0":[0,4],"1":[0,4],"2":[0,4],"3":[0,4],"4":[0,4],"5":[4,4]}}
,"/home/runner/work/movies-tracker/movies-tracker/src/components/organisms/moviesList/moviesList.tsx": {"path":"/home/runner/work/movies-tracker/movies-tracker/src/components/organisms/moviesList/moviesList.tsx","statementMap":{"0":{"start":{"line":7,"column":26},"end":{"line":47,"column":null}},"1":{"start":{"line":8,"column":16},"end":{"line":8,"column":null}},"2":{"start":{"line":10,"column":2},"end":{"line":45,"column":null}},"3":{"start":{"line":20,"column":12},"end":{"line":41,"column":null}}},"fnMap":{"0":{"name":"(anonymous_0)","decl":{"start":{"line":7,"column":26},"end":{"line":7,"column":27}},"loc":{"start":{"line":7,"column":68},"end":{"line":47,"column":null}}},"1":{"name":"(anonymous_1)","decl":{"start":{"line":19,"column":21},"end":{"line":19,"column":22}},"loc":{"start":{"line":20,"column":12},"end":{"line":41,"column":null}}}},"branchMap":{"0":{"loc":{"start":{"line":13,"column":9},"end":{"line":42,"column":null}},"type":"cond-expr","locations":[{"start":{"line":14,"column":10},"end":{"line":17,"column":null}},{"start":{"line":19,"column":10},"end":{"line":42,"column":null}}]}},"s":{"0":5,"1":4,"2":4,"3":2},"f":{"0":4,"1":2},"b":{"0":[2,2]}}
,"/home/runner/work/movies-tracker/movies-tracker/src/components/organisms/navbar/navbar.tsx": {"path":"/home/runner/work/movies-tracker/movies-tracker/src/components/organisms/navbar/navbar.tsx","statementMap":{"0":{"start":{"line":16,"column":22},"end":{"line":153,"column":null}},"1":{"start":{"line":32,"column":6},"end":{"line":32,"column":null}},"2":{"start":{"line":34,"column":2},"end":{"line":151,"column":null}},"3":{"start":{"line":52,"column":37},"end":{"line":52,"column":69}},"4":{"start":{"line":55,"column":36},"end":{"line":55,"column":null}},"5":{"start":{"line":82,"column":22},"end":{"line":95,"column":null}},"6":{"start":{"line":84,"column":26},"end":{"line":93,"column":null}},"7":{"start":{"line":86,"column":43},"end":{"line":86,"column":null}},"8":{"start":{"line":105,"column":27},"end":{"line":105,"column":null}},"9":{"start":{"line":124,"column":31},"end":{"line":124,"column":null}},"10":{"start":{"line":139,"column":29},"end":{"line":139,"column":null}},"11":{"start":{"line":147,"column":38},"end":{"line":147,"column":76}}},"fnMap":{"0":{"name":"(anonymous_0)","decl":{"start":{"line":16,"column":22},"end":{"line":16,"column":28}},"loc":{"start":{"line":16,"column":28},"end":{"line":153,"column":null}}},"1":{"name":"(anonymous_1)","decl":{"start":{"line":52,"column":31},"end":{"line":52,"column":37}},"loc":{"start":{"line":52,"column":37},"end":{"line":52,"column":69}}},"2":{"name":"(anonymous_2)","decl":{"start":{"line":55,"column":30},"end":{"line":55,"column":36}},"loc":{"start":{"line":55,"column":36},"end":{"line":55,"column":null}}},"3":{"name":"(anonymous_3)","decl":{"start":{"line":81,"column":35},"end":{"line":81,"column":36}},"loc":{"start":{"line":82,"column":22},"end":{"line":95,"column":null}}},"4":{"name":"(anonymous_4)","decl":{"start":{"line":83,"column":25},"end":{"line":83,"column":26}},"loc":{"start":{"line":84,"column":26},"end":{"line":93,"column":null}}},"5":{"name":"(anonymous_5)","decl":{"start":{"line":86,"column":37},"end":{"line":86,"column":43}},"loc":{"start":{"line":86,"column":43},"end":{"line":86,"column":null}}},"6":{"name":"(anonymous_6)","decl":{"start":{"line":105,"column":21},"end":{"line":105,"column":27}},"loc":{"start":{"line":105,"column":27},"end":{"line":105,"column":null}}},"7":{"name":"(anonymous_7)","decl":{"start":{"line":124,"column":25},"end":{"line":124,"column":31}},"loc":{"start":{"line":124,"column":31},"end":{"line":124,"column":null}}},"8":{"name":"(anonymous_8)","decl":{"start":{"line":139,"column":22},"end":{"line":139,"column":23}},"loc":{"start":{"line":139,"column":29},"end":{"line":139,"column":null}}},"9":{"name":"(anonymous_9)","decl":{"start":{"line":147,"column":32},"end":{"line":147,"column":38}},"loc":{"start":{"line":147,"column":38},"end":{"line":147,"column":76}}}},"branchMap":{"0":{"loc":{"start":{"line":88,"column":30},"end":{"line":88,"column":null}},"type":"cond-expr","locations":[{"start":{"line":88,"column":39},"end":{"line":88,"column":67}},{"start":{"line":88,"column":67},"end":{"line":88,"column":null}}]},"1":{"loc":{"start":{"line":108,"column":11},"end":{"line":128,"column":null}},"type":"cond-expr","locations":[{"start":{"line":109,"column":12},"end":{"line":111,"column":null}},{"start":{"line":113,"column":12},"end":{"line":128,"column":null}}]},"2":{"loc":{"start":{"line":133,"column":7},"end":{"line":149,"column":null}},"type":"binary-expr","locations":[{"start":{"line":133,"column":7},"end":{"line":133,"column":null}},{"start":{"line":134,"column":8},"end":{"line":149,"column":null}}]}},"s":{"0":4,"1":13,"2":12,"3":0,"4":0,"5":36,"6":15,"7":1,"8":2,"9":0,"10":1,"11":0},"f":{"0":13,"1":0,"2":0,"3":36,"4":15,"5":1,"6":2,"7":0,"8":1,"9":0},"b":{"0":[0,15],"1":[0,12],"2":[12,3]}}
,"/home/runner/work/movies-tracker/movies-tracker/src/components/organisms/preferencesDialog/preferencesDialog.tsx": {"path":"/home/runner/work/movies-tracker/movies-tracker/src/components/organisms/preferencesDialog/preferencesDialog.tsx","statementMap":{"0":{"start":{"line":11,"column":33},"end":{"line":94,"column":null}},"1":{"start":{"line":27,"column":6},"end":{"line":27,"column":null}},"2":{"start":{"line":29,"column":2},"end":{"line":92,"column":null}},"3":{"start":{"line":44,"column":14},"end":{"line":56,"column":null}},"4":{"start":{"line":45,"column":31},"end":{"line":45,"column":null}},"5":{"start":{"line":68,"column":14},"end":{"line":77,"column":null}},"6":{"start":{"line":74,"column":31},"end":{"line":74,"column":null}}},"fnMap":{"0":{"name":"(anonymous_0)","decl":{"start":{"line":11,"column":33},"end":{"line":11,"column":34}},"loc":{"start":{"line":17,"column":6},"end":{"line":94,"column":null}}},"1":{"name":"(anonymous_1)","decl":{"start":{"line":43,"column":27},"end":{"line":43,"column":28}},"loc":{"start":{"line":44,"column":14},"end":{"line":56,"column":null}}},"2":{"name":"(anonymous_2)","decl":{"start":{"line":45,"column":25},"end":{"line":45,"column":31}},"loc":{"start":{"line":45,"column":31},"end":{"line":45,"column":null}}},"3":{"name":"(anonymous_3)","decl":{"start":{"line":67,"column":30},"end":{"line":67,"column":31}},"loc":{"start":{"line":68,"column":14},"end":{"line":77,"column":null}}},"4":{"name":"(anonymous_4)","decl":{"start":{"line":74,"column":25},"end":{"line":74,"column":31}},"loc":{"start":{"line":74,"column":31},"end":{"line":74,"column":null}}}},"branchMap":{"0":{"loc":{"start":{"line":48,"column":17},"end":{"line":51,"column":null}},"type":"binary-expr","locations":[{"start":{"line":48,"column":17},"end":{"line":48,"column":null}},{"start":{"line":49,"column":18},"end":{"line":51,"column":null}}]},"1":{"loc":{"start":{"line":76,"column":17},"end":{"line":76,"column":null}},"type":"binary-expr","locations":[{"start":{"line":76,"column":17},"end":{"line":76,"column":44}},{"start":{"line":76,"column":44},"end":{"line":76,"column":null}}]}},"s":{"0":5,"1":9,"2":9,"3":27,"4":1,"5":18,"6":1},"f":{"0":9,"1":27,"2":1,"3":18,"4":1},"b":{"0":[27,0],"1":[18,0]}}
,"/home/runner/work/movies-tracker/movies-tracker/src/hooks/useFilters.ts": {"path":"/home/runner/work/movies-tracker/movies-tracker/src/hooks/useFilters.ts","statementMap":{"0":{"start":{"line":6,"column":26},"end":{"line":28,"column":null}},"1":{"start":{"line":7,"column":22},"end":{"line":7,"column":null}},"2":{"start":{"line":9,"column":26},"end":{"line":9,"column":null}},"3":{"start":{"line":11,"column":4},"end":{"line":11,"column":null}},"4":{"start":{"line":13,"column":39},"end":{"line":13,"column":null}},"5":{"start":{"line":15,"column":2},"end":{"line":27,"column":null}}},"fnMap":{"0":{"name":"(anonymous_0)","decl":{"start":{"line":6,"column":26},"end":{"line":6,"column":32}},"loc":{"start":{"line":6,"column":32},"end":{"line":28,"column":null}}}},"branchMap":{},"s":{"0":4,"1":2,"2":2,"3":2,"4":2,"5":2},"f":{"0":2},"b":{}}
,"/home/runner/work/movies-tracker/movies-tracker/src/hooks/useHome.ts": {"path":"/home/runner/work/movies-tracker/movies-tracker/src/hooks/useHome.ts","statementMap":{"0":{"start":{"line":10,"column":16},"end":{"line":70,"column":null}},"1":{"start":{"line":11,"column":22},"end":{"line":11,"column":null}},"2":{"start":{"line":12,"column":50},"end":{"line":12,"column":null}},"3":{"start":{"line":13,"column":54},"end":{"line":13,"column":null}},"4":{"start":{"line":15,"column":38},"end":{"line":15,"column":null}},"5":{"start":{"line":17,"column":58},"end":{"line":21,"column":null}},"6":{"start":{"line":19,"column":19},"end":{"line":19,"column":null}},"7":{"start":{"line":30,"column":6},"end":{"line":48,"column":null}},"8":{"start":{"line":40,"column":6},"end":{"line":47,"column":null}},"9":{"start":{"line":50,"column":2},"end":{"line":56,"column":null}},"10":{"start":{"line":51,"column":4},"end":{"line":55,"column":null}},"11":{"start":{"line":52,"column":6},"end":{"line":55,"column":null}},"12":{"start":{"line":58,"column":2},"end":{"line":69,"column":null}}},"fnMap":{"0":{"name":"(anonymous_0)","decl":{"start":{"line":10,"column":16},"end":{"line":10,"column":17}},"loc":{"start":{"line":10,"column":48},"end":{"line":70,"column":null}}},"1":{"name":"(anonymous_1)","decl":{"start":{"line":19,"column":13},"end":{"line":19,"column":19}},"loc":{"start":{"line":19,"column":19},"end":{"line":19,"column":null}}},"2":{"name":"(anonymous_2)","decl":{"start":{"line":39,"column":4},"end":{"line":39,"column":5}},"loc":{"start":{"line":40,"column":6},"end":{"line":47,"column":null}}},"3":{"name":"(anonymous_3)","decl":{"start":{"line":50,"column":18},"end":{"line":50,"column":24}},"loc":{"start":{"line":50,"column":24},"end":{"line":56,"column":5}}}},"branchMap":{"0":{"loc":{"start":{"line":51,"column":4},"end":{"line":55,"column":null}},"type":"if","locations":[{"start":{"line":51,"column":4},"end":{"line":55,"column":null}},{"start":{"line":51,"column":4},"end":{"line":55,"column":null}}]}},"s":{"0":0,"1":0,"2":0,"3":0,"4":0,"5":0,"6":0,"7":0,"8":0,"9":0,"10":0,"11":0,"12":0},"f":{"0":0,"1":0,"2":0,"3":0},"b":{"0":[0,0]}}
,"/home/runner/work/movies-tracker/movies-tracker/src/hooks/useLogin.ts": {"path":"/home/runner/work/movies-tracker/movies-tracker/src/hooks/useLogin.ts","statementMap":{"0":{"start":{"line":17,"column":20},"end":{"line":20,"column":null}},"1":{"start":{"line":22,"column":17},"end":{"line":65,"column":null}},"2":{"start":{"line":23,"column":16},"end":{"line":23,"column":null}},"3":{"start":{"line":24,"column":19},"end":{"line":24,"column":null}},"4":{"start":{"line":26,"column":33},"end":{"line":26,"column":null}},"5":{"start":{"line":28,"column":73},"end":{"line":28,"column":null}},"6":{"start":{"line":29,"column":49},"end":{"line":29,"column":null}},"7":{"start":{"line":31,"column":22},"end":{"line":54,"column":null}},"8":{"start":{"line":32,"column":4},"end":{"line":53,"column":null}},"9":{"start":{"line":33,"column":28},"end":{"line":37,"column":null}},"10":{"start":{"line":39,"column":6},"end":{"line":39,"column":null}},"11":{"start":{"line":39,"column":39},"end":{"line":39,"column":null}},"12":{"start":{"line":41,"column":36},"end":{"line":43,"column":null}},"13":{"start":{"line":45,"column":6},"end":{"line":47,"column":null}},"14":{"start":{"line":49,"column":6},"end":{"line":49,"column":null}},"15":{"start":{"line":50,"column":6},"end":{"line":50,"column":null}},"16":{"start":{"line":52,"column":6},"end":{"line":52,"column":null}},"17":{"start":{"line":56,"column":2},"end":{"line":64,"column":null}}},"fnMap":{"0":{"name":"(anonymous_0)","decl":{"start":{"line":22,"column":17},"end":{"line":22,"column":23}},"loc":{"start":{"line":22,"column":23},"end":{"line":65,"column":null}}},"1":{"name":"(anonymous_1)","decl":{"start":{"line":31,"column":22},"end":{"line":31,"column":29}},"loc":{"start":{"line":31,"column":56},"end":{"line":54,"column":null}}}},"branchMap":{"0":{"loc":{"start":{"line":39,"column":6},"end":{"line":39,"column":null}},"type":"if","locations":[{"start":{"line":39,"column":6},"end":{"line":39,"column":null}},{"start":{"line":39,"column":6},"end":{"line":39,"column":null}}]}},"s":{"0":0,"1":0,"2":0,"3":0,"4":0,"5":0,"6":0,"7":0,"8":0,"9":0,"10":0,"11":0,"12":0,"13":0,"14":0,"15":0,"16":0,"17":0},"f":{"0":0,"1":0},"b":{"0":[0,0]}}
,"/home/runner/work/movies-tracker/movies-tracker/src/hooks/useMovieDetails.ts": {"path":"/home/runner/work/movies-tracker/movies-tracker/src/hooks/useMovieDetails.ts","statementMap":{"0":{"start":{"line":11,"column":24},"end":{"line":85,"column":null}},"1":{"start":{"line":12,"column":22},"end":{"line":12,"column":null}},"2":{"start":{"line":13,"column":22},"end":{"line":13,"column":null}},"3":{"start":{"line":14,"column":29},"end":{"line":14,"column":null}},"4":{"start":{"line":15,"column":41},"end":{"line":15,"column":null}},"5":{"start":{"line":17,"column":58},"end":{"line":17,"column":null}},"6":{"start":{"line":23,"column":6},"end":{"line":23,"column":null}},"7":{"start":{"line":25,"column":2},"end":{"line":31,"column":null}},"8":{"start":{"line":26,"column":24},"end":{"line":26,"column":null}},"9":{"start":{"line":28,"column":4},"end":{"line":30,"column":null}},"10":{"start":{"line":29,"column":6},"end":{"line":29,"column":null}},"11":{"start":{"line":33,"column":2},"end":{"line":47,"column":null}},"12":{"start":{"line":34,"column":23},"end":{"line":44,"column":null}},"13":{"start":{"line":35,"column":6},"end":{"line":43,"column":null}},"14":{"start":{"line":36,"column":8},"end":{"line":40,"column":null}},"15":{"start":{"line":37,"column":29},"end":{"line":37,"column":null}},"16":{"start":{"line":38,"column":25},"end":{"line":38,"column":null}},"17":{"start":{"line":39,"column":10},"end":{"line":39,"column":null}},"18":{"start":{"line":42,"column":8},"end":{"line":42,"column":null}},"19":{"start":{"line":46,"column":4},"end":{"line":46,"column":null}},"20":{"start":{"line":49,"column":18},"end":{"line":56,"column":null}},"21":{"start":{"line":58,"column":2},"end":{"line":72,"column":null}},"22":{"start":{"line":59,"column":23},"end":{"line":69,"column":null}},"23":{"start":{"line":60,"column":6},"end":{"line":68,"column":null}},"24":{"start":{"line":61,"column":8},"end":{"line":65,"column":null}},"25":{"start":{"line":62,"column":29},"end":{"line":62,"column":null}},"26":{"start":{"line":63,"column":25},"end":{"line":63,"column":null}},"27":{"start":{"line":64,"column":10},"end":{"line":64,"column":null}},"28":{"start":{"line":67,"column":8},"end":{"line":67,"column":null}},"29":{"start":{"line":71,"column":4},"end":{"line":71,"column":null}},"30":{"start":{"line":74,"column":2},"end":{"line":84,"column":null}}},"fnMap":{"0":{"name":"(anonymous_0)","decl":{"start":{"line":11,"column":24},"end":{"line":11,"column":25}},"loc":{"start":{"line":11,"column":56},"end":{"line":85,"column":null}}},"1":{"name":"(anonymous_1)","decl":{"start":{"line":25,"column":18},"end":{"line":25,"column":24}},"loc":{"start":{"line":25,"column":24},"end":{"line":31,"column":5}}},"2":{"name":"(anonymous_2)","decl":{"start":{"line":33,"column":18},"end":{"line":33,"column":24}},"loc":{"start":{"line":33,"column":24},"end":{"line":47,"column":5}}},"3":{"name":"(anonymous_3)","decl":{"start":{"line":34,"column":23},"end":{"line":34,"column":35}},"loc":{"start":{"line":34,"column":35},"end":{"line":44,"column":null}}},"4":{"name":"(anonymous_4)","decl":{"start":{"line":58,"column":18},"end":{"line":58,"column":24}},"loc":{"start":{"line":58,"column":24},"end":{"line":72,"column":5}}},"5":{"name":"(anonymous_5)","decl":{"start":{"line":59,"column":23},"end":{"line":59,"column":35}},"loc":{"start":{"line":59,"column":35},"end":{"line":69,"column":null}}}},"branchMap":{"0":{"loc":{"start":{"line":28,"column":4},"end":{"line":30,"column":null}},"type":"if","locations":[{"start":{"line":28,"column":4},"end":{"line":30,"column":null}},{"start":{"line":28,"column":4},"end":{"line":30,"column":null}}]},"1":{"loc":{"start":{"line":28,"column":8},"end":{"line":28,"column":40}},"type":"binary-expr","locations":[{"start":{"line":28,"column":8},"end":{"line":28,"column":27}},{"start":{"line":28,"column":27},"end":{"line":28,"column":40}}]},"2":{"loc":{"start":{"line":36,"column":8},"end":{"line":40,"column":null}},"type":"if","locations":[{"start":{"line":36,"column":8},"end":{"line":40,"column":null}},{"start":{"line":36,"column":8},"end":{"line":40,"column":null}}]},"3":{"loc":{"start":{"line":61,"column":8},"end":{"line":65,"column":null}},"type":"if","locations":[{"start":{"line":61,"column":8},"end":{"line":65,"column":null}},{"start":{"line":61,"column":8},"end":{"line":65,"column":null}}]}},"s":{"0":0,"1":0,"2":0,"3":0,"4":0,"5":0,"6":0,"7":0,"8":0,"9":0,"10":0,"11":0,"12":0,"13":0,"14":0,"15":0,"16":0,"17":0,"18":0,"19":0,"20":0,"21":0,"22":0,"23":0,"24":0,"25":0,"26":0,"27":0,"28":0,"29":0,"30":0},"f":{"0":0,"1":0,"2":0,"3":0,"4":0,"5":0},"b":{"0":[0,0],"1":[0,0],"2":[0,0],"3":[0,0]}}
,"/home/runner/work/movies-tracker/movies-tracker/src/hooks/useMovieToolbar.ts": {"path":"/home/runner/work/movies-tracker/movies-tracker/src/hooks/useMovieToolbar.ts","statementMap":{"0":{"start":{"line":12,"column":24},"end":{"line":111,"column":null}},"1":{"start":{"line":13,"column":16},"end":{"line":13,"column":null}},"2":{"start":{"line":15,"column":4},"end":{"line":15,"column":null}},"3":{"start":{"line":16,"column":49},"end":{"line":16,"column":null}},"4":{"start":{"line":18,"column":30},"end":{"line":18,"column":null}},"5":{"start":{"line":19,"column":38},"end":{"line":19,"column":null}},"6":{"start":{"line":21,"column":26},"end":{"line":23,"column":null}},"7":{"start":{"line":24,"column":27},"end":{"line":26,"column":null}},"8":{"start":{"line":27,"column":27},"end":{"line":27,"column":null}},"9":{"start":{"line":29,"column":32},"end":{"line":29,"column":null}},"10":{"start":{"line":30,"column":35},"end":{"line":30,"column":null}},"11":{"start":{"line":31,"column":68},"end":{"line":31,"column":null}},"12":{"start":{"line":33,"column":4},"end":{"line":33,"column":null}},"13":{"start":{"line":35,"column":2},"end":{"line":37,"column":null}},"14":{"start":{"line":36,"column":4},"end":{"line":36,"column":null}},"15":{"start":{"line":36,"column":26},"end":{"line":36,"column":null}},"16":{"start":{"line":39,"column":35},"end":{"line":48,"column":null}},"17":{"start":{"line":40,"column":4},"end":{"line":40,"column":null}},"18":{"start":{"line":40,"column":26},"end":{"line":40,"column":null}},"19":{"start":{"line":42,"column":4},"end":{"line":47,"column":null}},"20":{"start":{"line":50,"column":36},"end":{"line":59,"column":null}},"21":{"start":{"line":51,"column":4},"end":{"line":51,"column":null}},"22":{"start":{"line":51,"column":26},"end":{"line":51,"column":null}},"23":{"start":{"line":53,"column":4},"end":{"line":58,"column":null}},"24":{"start":{"line":61,"column":28},"end":{"line":81,"column":null}},"25":{"start":{"line":62,"column":4},"end":{"line":62,"column":null}},"26":{"start":{"line":62,"column":26},"end":{"line":62,"column":null}},"27":{"start":{"line":63,"column":4},"end":{"line":63,"column":null}},"28":{"start":{"line":65,"column":4},"end":{"line":80,"column":null}},"29":{"start":{"line":66,"column":34},"end":{"line":69,"column":null}},"30":{"start":{"line":71,"column":6},"end":{"line":71,"column":null}},"31":{"start":{"line":71,"column":41},"end":{"line":71,"column":null}},"32":{"start":{"line":73,"column":34},"end":{"line":77,"column":null}},"33":{"start":{"line":79,"column":6},"end":{"line":79,"column":null}},"34":{"start":{"line":79,"column":41},"end":{"line":79,"column":null}},"35":{"start":{"line":83,"column":22},"end":{"line":86,"column":null}},"36":{"start":{"line":84,"column":4},"end":{"line":84,"column":null}},"37":{"start":{"line":84,"column":25},"end":{"line":84,"column":null}},"38":{"start":{"line":85,"column":4},"end":{"line":85,"column":null}},"39":{"start":{"line":88,"column":2},"end":{"line":110,"column":null}}},"fnMap":{"0":{"name":"(anonymous_0)","decl":{"start":{"line":12,"column":24},"end":{"line":12,"column":25}},"loc":{"start":{"line":12,"column":45},"end":{"line":111,"column":null}}},"1":{"name":"(anonymous_1)","decl":{"start":{"line":35,"column":18},"end":{"line":35,"column":24}},"loc":{"start":{"line":35,"column":24},"end":{"line":37,"column":5}}},"2":{"name":"(anonymous_2)","decl":{"start":{"line":39,"column":35},"end":{"line":39,"column":41}},"loc":{"start":{"line":39,"column":41},"end":{"line":48,"column":null}}},"3":{"name":"(anonymous_3)","decl":{"start":{"line":50,"column":36},"end":{"line":50,"column":42}},"loc":{"start":{"line":50,"column":42},"end":{"line":59,"column":null}}},"4":{"name":"(anonymous_4)","decl":{"start":{"line":61,"column":28},"end":{"line":61,"column":29}},"loc":{"start":{"line":61,"column":60},"end":{"line":81,"column":null}}},"5":{"name":"(anonymous_5)","decl":{"start":{"line":83,"column":22},"end":{"line":83,"column":28}},"loc":{"start":{"line":83,"column":28},"end":{"line":86,"column":null}}}},"branchMap":{"0":{"loc":{"start":{"line":21,"column":26},"end":{"line":23,"column":null}},"type":"cond-expr","locations":[{"start":{"line":22,"column":6},"end":{"line":22,"column":null}},{"start":{"line":23,"column":6},"end":{"line":23,"column":null}}]},"1":{"loc":{"start":{"line":24,"column":27},"end":{"line":26,"column":null}},"type":"cond-expr","locations":[{"start":{"line":25,"column":6},"end":{"line":25,"column":null}},{"start":{"line":26,"column":6},"end":{"line":26,"column":null}}]},"2":{"loc":{"start":{"line":27,"column":27},"end":{"line":27,"column":null}},"type":"cond-expr","locations":[{"start":{"line":27,"column":45},"end":{"line":27,"column":63}},{"start":{"line":27,"column":63},"end":{"line":27,"column":null}}]},"3":{"loc":{"start":{"line":36,"column":4},"end":{"line":36,"column":null}},"type":"if","locations":[{"start":{"line":36,"column":4},"end":{"line":36,"column":null}},{"start":{"line":36,"column":4},"end":{"line":36,"column":null}}]},"4":{"loc":{"start":{"line":40,"column":4},"end":{"line":40,"column":null}},"type":"if","locations":[{"start":{"line":40,"column":4},"end":{"line":40,"column":null}},{"start":{"line":40,"column":4},"end":{"line":40,"column":null}}]},"5":{"loc":{"start":{"line":51,"column":4},"end":{"line":51,"column":null}},"type":"if","locations":[{"start":{"line":51,"column":4},"end":{"line":51,"column":null}},{"start":{"line":51,"column":4},"end":{"line":51,"column":null}}]},"6":{"loc":{"start":{"line":62,"column":4},"end":{"line":62,"column":null}},"type":"if","locations":[{"start":{"line":62,"column":4},"end":{"line":62,"column":null}},{"start":{"line":62,"column":4},"end":{"line":62,"column":null}}]},"7":{"loc":{"start":{"line":65,"column":4},"end":{"line":80,"column":null}},"type":"if","locations":[{"start":{"line":65,"column":4},"end":{"line":80,"column":null}},{"start":{"line":72,"column":11},"end":{"line":80,"column":null}}]},"8":{"loc":{"start":{"line":71,"column":6},"end":{"line":71,"column":null}},"type":"if","locations":[{"start":{"line":71,"column":6},"end":{"line":71,"column":null}},{"start":{"line":71,"column":6},"end":{"line":71,"column":null}}]},"9":{"loc":{"start":{"line":79,"column":6},"end":{"line":79,"column":null}},"type":"if","locations":[{"start":{"line":79,"column":6},"end":{"line":79,"column":null}},{"start":{"line":79,"column":6},"end":{"line":79,"column":null}}]},"10":{"loc":{"start":{"line":84,"column":4},"end":{"line":84,"column":null}},"type":"if","locations":[{"start":{"line":84,"column":4},"end":{"line":84,"column":null}},{"start":{"line":84,"column":4},"end":{"line":84,"column":null}}]}},"s":{"0":4,"1":0,"2":0,"3":0,"4":0,"5":0,"6":0,"7":0,"8":0,"9":0,"10":0,"11":0,"12":0,"13":0,"14":0,"15":0,"16":0,"17":0,"18":0,"19":0,"20":0,"21":0,"22":0,"23":0,"24":0,"25":0,"26":0,"27":0,"28":0,"29":0,"30":0,"31":0,"32":0,"33":0,"34":0,"35":0,"36":0,"37":0,"38":0,"39":0},"f":{"0":0,"1":0,"2":0,"3":0,"4":0,"5":0},"b":{"0":[0,0],"1":[0,0],"2":[0,0],"3":[0,0],"4":[0,0],"5":[0,0],"6":[0,0],"7":[0,0],"8":[0,0],"9":[0,0],"10":[0,0]}}
,"/home/runner/work/movies-tracker/movies-tracker/src/hooks/useNavbar.ts": {"path":"/home/runner/work/movies-tracker/movies-tracker/src/hooks/useNavbar.ts","statementMap":{"0":{"start":{"line":8,"column":18},"end":{"line":43,"column":null}},"1":{"start":{"line":9,"column":19},"end":{"line":9,"column":null}},"2":{"start":{"line":10,"column":22},"end":{"line":10,"column":null}},"3":{"start":{"line":11,"column":64},"end":{"line":11,"column":null}},"4":{"start":{"line":13,"column":40},"end":{"line":13,"column":null}},"5":{"start":{"line":14,"column":42},"end":{"line":14,"column":null}},"6":{"start":{"line":15,"column":48},"end":{"line":15,"column":null}},"7":{"start":{"line":17,"column":36},"end":{"line":17,"column":null}},"8":{"start":{"line":19,"column":30},"end":{"line":25,"column":null}},"9":{"start":{"line":20,"column":4},"end":{"line":24,"column":null}},"10":{"start":{"line":21,"column":6},"end":{"line":21,"column":null}},"11":{"start":{"line":22,"column":6},"end":{"line":22,"column":null}},"12":{"start":{"line":23,"column":6},"end":{"line":23,"column":null}},"13":{"start":{"line":27,"column":2},"end":{"line":42,"column":null}}},"fnMap":{"0":{"name":"(anonymous_0)","decl":{"start":{"line":8,"column":18},"end":{"line":8,"column":24}},"loc":{"start":{"line":8,"column":24},"end":{"line":43,"column":null}}},"1":{"name":"(anonymous_1)","decl":{"start":{"line":19,"column":30},"end":{"line":19,"column":31}},"loc":{"start":{"line":19,"column":76},"end":{"line":25,"column":null}}}},"branchMap":{"0":{"loc":{"start":{"line":20,"column":4},"end":{"line":24,"column":null}},"type":"if","locations":[{"start":{"line":20,"column":4},"end":{"line":24,"column":null}},{"start":{"line":20,"column":4},"end":{"line":24,"column":null}}]},"1":{"loc":{"start":{"line":20,"column":8},"end":{"line":20,"column":62}},"type":"binary-expr","locations":[{"start":{"line":20,"column":8},"end":{"line":20,"column":29}},{"start":{"line":20,"column":29},"end":{"line":20,"column":62}}]}},"s":{"0":4,"1":13,"2":12,"3":12,"4":12,"5":12,"6":12,"7":12,"8":12,"9":2,"10":1,"11":1,"12":1,"13":12},"f":{"0":13,"1":2},"b":{"0":[1,1],"1":[2,2]}}
,"/home/runner/work/movies-tracker/movies-tracker/src/hooks/usePreferences.ts": {"path":"/home/runner/work/movies-tracker/movies-tracker/src/hooks/usePreferences.ts","statementMap":{"0":{"start":{"line":8,"column":23},"end":{"line":33,"column":null}},"1":{"start":{"line":9,"column":22},"end":{"line":9,"column":null}},"2":{"start":{"line":10,"column":42},"end":{"line":10,"column":null}},"3":{"start":{"line":12,"column":44},"end":{"line":12,"column":null}},"4":{"start":{"line":13,"column":50},"end":{"line":13,"column":null}},"5":{"start":{"line":15,"column":34},"end":{"line":19,"column":null}},"6":{"start":{"line":16,"column":4},"end":{"line":16,"column":null}},"7":{"start":{"line":17,"column":4},"end":{"line":17,"column":null}},"8":{"start":{"line":18,"column":4},"end":{"line":18,"column":null}},"9":{"start":{"line":21,"column":2},"end":{"line":32,"column":null}}},"fnMap":{"0":{"name":"(anonymous_0)","decl":{"start":{"line":8,"column":23},"end":{"line":8,"column":24}},"loc":{"start":{"line":8,"column":48},"end":{"line":33,"column":null}}},"1":{"name":"(anonymous_1)","decl":{"start":{"line":15,"column":34},"end":{"line":15,"column":40}},"loc":{"start":{"line":15,"column":40},"end":{"line":19,"column":null}}}},"branchMap":{},"s":{"0":0,"1":0,"2":0,"3":0,"4":0,"5":0,"6":0,"7":0,"8":0,"9":0},"f":{"0":0,"1":0},"b":{}}
,"/home/runner/work/movies-tracker/movies-tracker/src/hooks/usePreferencesDialog.ts": {"path":"/home/runner/work/movies-tracker/movies-tracker/src/hooks/usePreferencesDialog.ts","statementMap":{"0":{"start":{"line":5,"column":29},"end":{"line":29,"column":null}},"1":{"start":{"line":6,"column":22},"end":{"line":6,"column":null}},"2":{"start":{"line":7,"column":42},"end":{"line":7,"column":null}},"3":{"start":{"line":8,"column":23},"end":{"line":8,"column":null}},"4":{"start":{"line":10,"column":44},"end":{"line":10,"column":null}},"5":{"start":{"line":11,"column":50},"end":{"line":11,"column":null}},"6":{"start":{"line":13,"column":34},"end":{"line":17,"column":null}},"7":{"start":{"line":14,"column":4},"end":{"line":14,"column":null}},"8":{"start":{"line":15,"column":4},"end":{"line":15,"column":null}},"9":{"start":{"line":16,"column":4},"end":{"line":16,"column":null}},"10":{"start":{"line":19,"column":2},"end":{"line":28,"column":null}}},"fnMap":{"0":{"name":"(anonymous_0)","decl":{"start":{"line":5,"column":29},"end":{"line":5,"column":30}},"loc":{"start":{"line":5,"column":54},"end":{"line":29,"column":null}}},"1":{"name":"(anonymous_1)","decl":{"start":{"line":13,"column":34},"end":{"line":13,"column":40}},"loc":{"start":{"line":13,"column":40},"end":{"line":17,"column":null}}}},"branchMap":{},"s":{"0":4,"1":0,"2":0,"3":0,"4":0,"5":0,"6":0,"7":0,"8":0,"9":0,"10":0},"f":{"0":0,"1":0},"b":{}}
,"/home/runner/work/movies-tracker/movies-tracker/src/hooks/useProfile.ts": {"path":"/home/runner/work/movies-tracker/movies-tracker/src/hooks/useProfile.ts","statementMap":{"0":{"start":{"line":8,"column":19},"end":{"line":45,"column":null}},"1":{"start":{"line":9,"column":22},"end":{"line":9,"column":null}},"2":{"start":{"line":10,"column":58},"end":{"line":10,"column":null}},"3":{"start":{"line":12,"column":38},"end":{"line":12,"column":null}},"4":{"start":{"line":14,"column":25},"end":{"line":29,"column":null}},"5":{"start":{"line":18,"column":23},"end":{"line":18,"column":null}},"6":{"start":{"line":22,"column":23},"end":{"line":22,"column":null}},"7":{"start":{"line":26,"column":23},"end":{"line":26,"column":null}},"8":{"start":{"line":31,"column":21},"end":{"line":31,"column":null}},"9":{"start":{"line":31,"column":46},"end":{"line":31,"column":73}},"10":{"start":{"line":32,"column":59},"end":{"line":32,"column":null}},"11":{"start":{"line":32,"column":82},"end":{"line":32,"column":92}},"12":{"start":{"line":34,"column":2},"end":{"line":44,"column":null}}},"fnMap":{"0":{"name":"(anonymous_0)","decl":{"start":{"line":8,"column":19},"end":{"line":8,"column":20}},"loc":{"start":{"line":8,"column":51},"end":{"line":45,"column":null}}},"1":{"name":"(anonymous_1)","decl":{"start":{"line":18,"column":17},"end":{"line":18,"column":23}},"loc":{"start":{"line":18,"column":23},"end":{"line":18,"column":null}}},"2":{"name":"(anonymous_2)","decl":{"start":{"line":22,"column":17},"end":{"line":22,"column":23}},"loc":{"start":{"line":22,"column":23},"end":{"line":22,"column":null}}},"3":{"name":"(anonymous_3)","decl":{"start":{"line":26,"column":17},"end":{"line":26,"column":23}},"loc":{"start":{"line":26,"column":23},"end":{"line":26,"column":null}}},"4":{"name":"(anonymous_4)","decl":{"start":{"line":31,"column":34},"end":{"line":31,"column":35}},"loc":{"start":{"line":31,"column":46},"end":{"line":31,"column":73}}},"5":{"name":"(anonymous_5)","decl":{"start":{"line":32,"column":71},"end":{"line":32,"column":72}},"loc":{"start":{"line":32,"column":82},"end":{"line":32,"column":92}}}},"branchMap":{},"s":{"0":0,"1":0,"2":0,"3":0,"4":0,"5":0,"6":0,"7":0,"8":0,"9":0,"10":0,"11":0,"12":0},"f":{"0":0,"1":0,"2":0,"3":0,"4":0,"5":0},"b":{}}
,"/home/runner/work/movies-tracker/movies-tracker/src/mocks/index.ts": {"path":"/home/runner/work/movies-tracker/movies-tracker/src/mocks/index.ts","statementMap":{"0":{"start":{"line":1,"column":29},"end":{"line":17,"column":null}},"1":{"start":{"line":19,"column":25},"end":{"line":170,"column":null}},"2":{"start":{"line":172,"column":25},"end":{"line":185,"column":null}},"3":{"start":{"line":187,"column":26},"end":{"line":201,"column":null}}},"fnMap":{},"branchMap":{},"s":{"0":5,"1":5,"2":5,"3":5},"f":{},"b":{}}
,"/home/runner/work/movies-tracker/movies-tracker/src/mutations/useCreateSessionMutation.ts": {"path":"/home/runner/work/movies-tracker/movies-tracker/src/mutations/useCreateSessionMutation.ts","statementMap":{"0":{"start":{"line":4,"column":33},"end":{"line":13,"column":null}},"1":{"start":{"line":5,"column":44},"end":{"line":7,"column":null}},"2":{"start":{"line":6,"column":34},"end":{"line":6,"column":null}},"3":{"start":{"line":9,"column":2},"end":{"line":12,"column":null}}},"fnMap":{"0":{"name":"(anonymous_0)","decl":{"start":{"line":4,"column":33},"end":{"line":4,"column":39}},"loc":{"start":{"line":4,"column":39},"end":{"line":13,"column":null}}},"1":{"name":"(anonymous_1)","decl":{"start":{"line":6,"column":16},"end":{"line":6,"column":17}},"loc":{"start":{"line":6,"column":34},"end":{"line":6,"column":null}}}},"branchMap":{},"s":{"0":0,"1":0,"2":0,"3":0},"f":{"0":0,"1":0},"b":{}}
,"/home/runner/work/movies-tracker/movies-tracker/src/mutations/useDeleteMovieRatingMutation.ts": {"path":"/home/runner/work/movies-tracker/movies-tracker/src/mutations/useDeleteMovieRatingMutation.ts","statementMap":{"0":{"start":{"line":5,"column":37},"end":{"line":19,"column":null}},"1":{"start":{"line":6,"column":22},"end":{"line":6,"column":null}},"2":{"start":{"line":8,"column":61},"end":{"line":13,"column":null}},"3":{"start":{"line":9,"column":51},"end":{"line":9,"column":null}},"4":{"start":{"line":11,"column":6},"end":{"line":11,"column":null}},"5":{"start":{"line":15,"column":2},"end":{"line":18,"column":null}}},"fnMap":{"0":{"name":"(anonymous_0)","decl":{"start":{"line":5,"column":37},"end":{"line":5,"column":43}},"loc":{"start":{"line":5,"column":43},"end":{"line":19,"column":null}}},"1":{"name":"(anonymous_1)","decl":{"start":{"line":9,"column":16},"end":{"line":9,"column":17}},"loc":{"start":{"line":9,"column":51},"end":{"line":9,"column":null}}},"2":{"name":"(anonymous_2)","decl":{"start":{"line":10,"column":15},"end":{"line":10,"column":21}},"loc":{"start":{"line":10,"column":21},"end":{"line":12,"column":null}}}},"branchMap":{},"s":{"0":4,"1":0,"2":0,"3":0,"4":0,"5":0},"f":{"0":0,"1":0,"2":0},"b":{}}
,"/home/runner/work/movies-tracker/movies-tracker/src/mutations/useDeleteSessionMutation.ts": {"path":"/home/runner/work/movies-tracker/movies-tracker/src/mutations/useDeleteSessionMutation.ts","statementMap":{"0":{"start":{"line":7,"column":33},"end":{"line":21,"column":null}},"1":{"start":{"line":8,"column":31},"end":{"line":8,"column":null}},"2":{"start":{"line":9,"column":25},"end":{"line":9,"column":null}},"3":{"start":{"line":11,"column":49},"end":{"line":18,"column":null}},"4":{"start":{"line":12,"column":37},"end":{"line":12,"column":null}},"5":{"start":{"line":14,"column":6},"end":{"line":14,"column":null}},"6":{"start":{"line":15,"column":6},"end":{"line":15,"column":null}},"7":{"start":{"line":16,"column":6},"end":{"line":16,"column":null}},"8":{"start":{"line":20,"column":2},"end":{"line":20,"column":null}}},"fnMap":{"0":{"name":"(anonymous_0)","decl":{"start":{"line":7,"column":33},"end":{"line":7,"column":39}},"loc":{"start":{"line":7,"column":39},"end":{"line":21,"column":null}}},"1":{"name":"(anonymous_1)","decl":{"start":{"line":12,"column":16},"end":{"line":12,"column":17}},"loc":{"start":{"line":12,"column":37},"end":{"line":12,"column":null}}},"2":{"name":"(anonymous_2)","decl":{"start":{"line":13,"column":15},"end":{"line":13,"column":21}},"loc":{"start":{"line":13,"column":21},"end":{"line":17,"column":null}}}},"branchMap":{},"s":{"0":4,"1":12,"2":12,"3":12,"4":0,"5":0,"6":0,"7":0,"8":12},"f":{"0":12,"1":0,"2":0},"b":{}}
,"/home/runner/work/movies-tracker/movies-tracker/src/mutations/useFavoriteMovieMutation.ts": {"path":"/home/runner/work/movies-tracker/movies-tracker/src/mutations/useFavoriteMovieMutation.ts","statementMap":{"0":{"start":{"line":5,"column":33},"end":{"line":19,"column":null}},"1":{"start":{"line":6,"column":22},"end":{"line":6,"column":null}},"2":{"start":{"line":8,"column":60},"end":{"line":13,"column":null}},"3":{"start":{"line":9,"column":52},"end":{"line":9,"column":null}},"4":{"start":{"line":11,"column":6},"end":{"line":11,"column":null}},"5":{"start":{"line":15,"column":2},"end":{"line":18,"column":null}}},"fnMap":{"0":{"name":"(anonymous_0)","decl":{"start":{"line":5,"column":33},"end":{"line":5,"column":39}},"loc":{"start":{"line":5,"column":39},"end":{"line":19,"column":null}}},"1":{"name":"(anonymous_1)","decl":{"start":{"line":9,"column":16},"end":{"line":9,"column":17}},"loc":{"start":{"line":9,"column":52},"end":{"line":9,"column":null}}},"2":{"name":"(anonymous_2)","decl":{"start":{"line":10,"column":15},"end":{"line":10,"column":21}},"loc":{"start":{"line":10,"column":21},"end":{"line":12,"column":null}}}},"branchMap":{},"s":{"0":4,"1":0,"2":0,"3":0,"4":0,"5":0},"f":{"0":0,"1":0,"2":0},"b":{}}
,"/home/runner/work/movies-tracker/movies-tracker/src/mutations/useLoginMutation.ts": {"path":"/home/runner/work/movies-tracker/movies-tracker/src/mutations/useLoginMutation.ts","statementMap":{"0":{"start":{"line":10,"column":25},"end":{"line":19,"column":null}},"1":{"start":{"line":11,"column":44},"end":{"line":13,"column":null}},"2":{"start":{"line":12,"column":44},"end":{"line":12,"column":null}},"3":{"start":{"line":15,"column":2},"end":{"line":18,"column":null}}},"fnMap":{"0":{"name":"(anonymous_0)","decl":{"start":{"line":10,"column":25},"end":{"line":10,"column":31}},"loc":{"start":{"line":10,"column":31},"end":{"line":19,"column":null}}},"1":{"name":"(anonymous_1)","decl":{"start":{"line":12,"column":16},"end":{"line":12,"column":17}},"loc":{"start":{"line":12,"column":44},"end":{"line":12,"column":null}}}},"branchMap":{},"s":{"0":0,"1":0,"2":0,"3":0},"f":{"0":0,"1":0},"b":{}}
,"/home/runner/work/movies-tracker/movies-tracker/src/mutations/useMovieWatchListMutation.ts": {"path":"/home/runner/work/movies-tracker/movies-tracker/src/mutations/useMovieWatchListMutation.ts","statementMap":{"0":{"start":{"line":5,"column":34},"end":{"line":19,"column":null}},"1":{"start":{"line":6,"column":22},"end":{"line":6,"column":null}},"2":{"start":{"line":8,"column":66},"end":{"line":13,"column":null}},"3":{"start":{"line":9,"column":48},"end":{"line":9,"column":null}},"4":{"start":{"line":11,"column":6},"end":{"line":11,"column":null}},"5":{"start":{"line":15,"column":2},"end":{"line":18,"column":null}}},"fnMap":{"0":{"name":"(anonymous_0)","decl":{"start":{"line":5,"column":34},"end":{"line":5,"column":40}},"loc":{"start":{"line":5,"column":40},"end":{"line":19,"column":null}}},"1":{"name":"(anonymous_1)","decl":{"start":{"line":9,"column":16},"end":{"line":9,"column":17}},"loc":{"start":{"line":9,"column":48},"end":{"line":9,"column":null}}},"2":{"name":"(anonymous_2)","decl":{"start":{"line":10,"column":15},"end":{"line":10,"column":21}},"loc":{"start":{"line":10,"column":21},"end":{"line":12,"column":null}}}},"branchMap":{},"s":{"0":4,"1":0,"2":0,"3":0,"4":0,"5":0},"f":{"0":0,"1":0,"2":0},"b":{}}
,"/home/runner/work/movies-tracker/movies-tracker/src/mutations/useRateMovieMutation.ts": {"path":"/home/runner/work/movies-tracker/movies-tracker/src/mutations/useRateMovieMutation.ts","statementMap":{"0":{"start":{"line":5,"column":29},"end":{"line":19,"column":null}},"1":{"start":{"line":6,"column":22},"end":{"line":6,"column":null}},"2":{"start":{"line":8,"column":58},"end":{"line":13,"column":null}},"3":{"start":{"line":9,"column":45},"end":{"line":9,"column":null}},"4":{"start":{"line":11,"column":6},"end":{"line":11,"column":null}},"5":{"start":{"line":15,"column":2},"end":{"line":18,"column":null}}},"fnMap":{"0":{"name":"(anonymous_0)","decl":{"start":{"line":5,"column":29},"end":{"line":5,"column":35}},"loc":{"start":{"line":5,"column":35},"end":{"line":19,"column":null}}},"1":{"name":"(anonymous_1)","decl":{"start":{"line":9,"column":16},"end":{"line":9,"column":17}},"loc":{"start":{"line":9,"column":45},"end":{"line":9,"column":null}}},"2":{"name":"(anonymous_2)","decl":{"start":{"line":10,"column":15},"end":{"line":10,"column":21}},"loc":{"start":{"line":10,"column":21},"end":{"line":12,"column":null}}}},"branchMap":{},"s":{"0":4,"1":0,"2":0,"3":0,"4":0,"5":0},"f":{"0":0,"1":0,"2":0},"b":{}}
,"/home/runner/work/movies-tracker/movies-tracker/src/pages/fullCastCrew/fullCastCrew.tsx": {"path":"/home/runner/work/movies-tracker/movies-tracker/src/pages/fullCastCrew/fullCastCrew.tsx","statementMap":{"0":{"start":{"line":8,"column":28},"end":{"line":119,"column":null}},"1":{"start":{"line":9,"column":16},"end":{"line":9,"column":null}},"2":{"start":{"line":10,"column":20},"end":{"line":10,"column":null}},"3":{"start":{"line":11,"column":41},"end":{"line":11,"column":null}},"4":{"start":{"line":13,"column":31},"end":{"line":13,"column":null}},"5":{"start":{"line":14,"column":31},"end":{"line":14,"column":null}},"6":{"start":{"line":16,"column":22},"end":{"line":23,"column":null}},"7":{"start":{"line":17,"column":20},"end":{"line":17,"column":null}},"8":{"start":{"line":18,"column":4},"end":{"line":20,"column":null}},"9":{"start":{"line":19,"column":6},"end":{"line":19,"column":null}},"10":{"start":{"line":21,"column":4},"end":{"line":21,"column":null}},"11":{"start":{"line":22,"column":4},"end":{"line":22,"column":null}},"12":{"start":{"line":25,"column":2},"end":{"line":117,"column":null}},"13":{"start":{"line":64,"column":14},"end":{"line":77,"column":null}},"14":{"start":{"line":89,"column":14},"end":{"line":112,"column":null}},"15":{"start":{"line":96,"column":20},"end":{"line":109,"column":null}}},"fnMap":{"0":{"name":"(anonymous_0)","decl":{"start":{"line":8,"column":28},"end":{"line":8,"column":34}},"loc":{"start":{"line":8,"column":34},"end":{"line":119,"column":null}}},"1":{"name":"(anonymous_1)","decl":{"start":{"line":16,"column":55},"end":{"line":16,"column":56}},"loc":{"start":{"line":16,"column":82},"end":{"line":23,"column":5}}},"2":{"name":"(anonymous_2)","decl":{"start":{"line":63,"column":43},"end":{"line":63,"column":44}},"loc":{"start":{"line":64,"column":14},"end":{"line":77,"column":null}}},"3":{"name":"(anonymous_3)","decl":{"start":{"line":88,"column":42},"end":{"line":88,"column":43}},"loc":{"start":{"line":89,"column":14},"end":{"line":112,"column":null}}},"4":{"name":"(anonymous_4)","decl":{"start":{"line":95,"column":40},"end":{"line":95,"column":41}},"loc":{"start":{"line":96,"column":20},"end":{"line":109,"column":null}}}},"branchMap":{"0":{"loc":{"start":{"line":11,"column":41},"end":{"line":11,"column":null}},"type":"binary-expr","locations":[{"start":{"line":11,"column":41},"end":{"line":11,"column":50}},{"start":{"line":11,"column":50},"end":{"line":11,"column":null}}]},"1":{"loc":{"start":{"line":13,"column":31},"end":{"line":13,"column":null}},"type":"binary-expr","locations":[{"start":{"line":13,"column":31},"end":{"line":13,"column":47}},{"start":{"line":13,"column":47},"end":{"line":13,"column":null}}]},"2":{"loc":{"start":{"line":18,"column":4},"end":{"line":20,"column":null}},"type":"if","locations":[{"start":{"line":18,"column":4},"end":{"line":20,"column":null}},{"start":{"line":18,"column":4},"end":{"line":20,"column":null}}]},"3":{"loc":{"start":{"line":68,"column":20},"end":{"line":70,"column":null}},"type":"cond-expr","locations":[{"start":{"line":69,"column":24},"end":{"line":69,"column":null}},{"start":{"line":70,"column":24},"end":{"line":70,"column":null}}]},"4":{"loc":{"start":{"line":100,"column":26},"end":{"line":102,"column":null}},"type":"cond-expr","locations":[{"start":{"line":101,"column":30},"end":{"line":101,"column":null}},{"start":{"line":102,"column":30},"end":{"line":102,"column":null}}]}},"s":{"0":0,"1":0,"2":0,"3":0,"4":0,"5":0,"6":0,"7":0,"8":0,"9":0,"10":0,"11":0,"12":0,"13":0,"14":0,"15":0},"f":{"0":0,"1":0,"2":0,"3":0,"4":0},"b":{"0":[0,0],"1":[0,0],"2":[0,0],"3":[0,0],"4":[0,0]}}
,"/home/runner/work/movies-tracker/movies-tracker/src/pages/home/home.tsx": {"path":"/home/runner/work/movies-tracker/movies-tracker/src/pages/home/home.tsx","statementMap":{"0":{"start":{"line":12,"column":20},"end":{"line":97,"column":null}},"1":{"start":{"line":24,"column":6},"end":{"line":24,"column":null}},"2":{"start":{"line":26,"column":2},"end":{"line":95,"column":null}},"3":{"start":{"line":39,"column":56},"end":{"line":39,"column":null}},"4":{"start":{"line":59,"column":55},"end":{"line":59,"column":77}},"5":{"start":{"line":64,"column":22},"end":{"line":68,"column":null}},"6":{"start":{"line":65,"column":24},"end":{"line":67,"column":null}},"7":{"start":{"line":79,"column":33},"end":{"line":79,"column":null}},"8":{"start":{"line":94,"column":36},"end":{"line":94,"column":58}}},"fnMap":{"0":{"name":"(anonymous_0)","decl":{"start":{"line":12,"column":20},"end":{"line":12,"column":21}},"loc":{"start":{"line":12,"column":74},"end":{"line":97,"column":null}}},"1":{"name":"(anonymous_1)","decl":{"start":{"line":39,"column":50},"end":{"line":39,"column":56}},"loc":{"start":{"line":39,"column":56},"end":{"line":39,"column":null}}},"2":{"name":"(anonymous_2)","decl":{"start":{"line":59,"column":41},"end":{"line":59,"column":42}},"loc":{"start":{"line":59,"column":55},"end":{"line":59,"column":77}}},"3":{"name":"(anonymous_3)","decl":{"start":{"line":63,"column":43},"end":{"line":63,"column":44}},"loc":{"start":{"line":64,"column":22},"end":{"line":68,"column":null}}},"4":{"name":"(anonymous_4)","decl":{"start":{"line":64,"column":39},"end":{"line":64,"column":40}},"loc":{"start":{"line":65,"column":24},"end":{"line":67,"column":null}}},"5":{"name":"(anonymous_5)","decl":{"start":{"line":79,"column":27},"end":{"line":79,"column":33}},"loc":{"start":{"line":79,"column":33},"end":{"line":79,"column":null}}},"6":{"name":"(anonymous_6)","decl":{"start":{"line":94,"column":30},"end":{"line":94,"column":36}},"loc":{"start":{"line":94,"column":36},"end":{"line":94,"column":58}}}},"branchMap":{"0":{"loc":{"start":{"line":49,"column":9},"end":{"line":90,"column":null}},"type":"cond-expr","locations":[{"start":{"line":50,"column":10},"end":{"line":50,"column":null}},{"start":{"line":52,"column":10},"end":{"line":90,"column":null}}]},"1":{"loc":{"start":{"line":53,"column":13},"end":{"line":72,"column":null}},"type":"cond-expr","locations":[{"start":{"line":54,"column":14},"end":{"line":56,"column":null}},{"start":{"line":58,"column":14},"end":{"line":72,"column":null}}]},"2":{"loc":{"start":{"line":59,"column":17},"end":{"line":70,"column":null}},"type":"cond-expr","locations":[{"start":{"line":60,"column":18},"end":{"line":60,"column":null}},{"start":{"line":62,"column":18},"end":{"line":70,"column":null}}]},"3":{"loc":{"start":{"line":76,"column":15},"end":{"line":87,"column":null}},"type":"binary-expr","locations":[{"start":{"line":76,"column":15},"end":{"line":76,"column":null}},{"start":{"line":77,"column":16},"end":{"line":87,"column":null}}]},"4":{"loc":{"start":{"line":80,"column":28},"end":{"line":80,"column":null}},"type":"binary-expr","locations":[{"start":{"line":80,"column":28},"end":{"line":80,"column":44}},{"start":{"line":80,"column":44},"end":{"line":80,"column":null}}]},"5":{"loc":{"start":{"line":82,"column":19},"end":{"line":86,"column":null}},"type":"cond-expr","locations":[{"start":{"line":83,"column":22},"end":{"line":83,"column":null}},{"start":{"line"
[...]
,"/home/runner/work/movies-tracker/movies-tracker/src/pages/searchResults/searchResults.tsx": {"path":"/home/runner/work/movies-tracker/movies-tracker/src/pages/searchResults/searchResults.tsx","statementMap":{"0":{"start":{"line":10,"column":29},"end":{"line":75,"column":null}},"1":{"start":{"line":11,"column":19},"end":{"line":11,"column":null}},"2":{"start":{"line":12,"column":22},"end":{"line":12,"column":null}},"3":{"start":{"line":21,"column":6},"end":{"line":24,"column":null}},"4":{"start":{"line":23,"column":46},"end":{"line":23,"column":null}},"5":{"start":{"line":26,"column":2},"end":{"line":73,"column":null}},"6":{"start":{"line":38,"column":55},"end":{"line":38,"column":77}},"7":{"start":{"line":45,"column":20},"end":{"line":49,"column":null}},"8":{"start":{"line":46,"column":22},"end":{"line":48,"column":null}},"9":{"start":{"line":60,"column":31},"end":{"line":60,"column":null}}},"fnMap":{"0":{"name":"(anonymous_0)","decl":{"start":{"line":10,"column":29},"end":{"line":10,"column":30}},"loc":{"start":{"line":10,"column":83},"end":{"line":75,"column":null}}},"1":{"name":"(anonymous_1)","decl":{"start":{"line":23,"column":4},"end":{"line":23,"column":5}},"loc":{"start":{"line":23,"column":46},"end":{"line":23,"column":null}}},"2":{"name":"(anonymous_2)","decl":{"start":{"line":38,"column":41},"end":{"line":38,"column":42}},"loc":{"start":{"line":38,"column":55},"end":{"line":38,"column":77}}},"3":{"name":"(anonymous_3)","decl":{"start":{"line":44,"column":43},"end":{"line":44,"column":44}},"loc":{"start":{"line":45,"column":20},"end":{"line":49,"column":null}}},"4":{"name":"(anonymous_4)","decl":{"start":{"line":45,"column":37},"end":{"line":45,"column":38}},"loc":{"start":{"line":46,"column":22},"end":{"line":48,"column":null}}},"5":{"name":"(anonymous_5)","decl":{"start":{"line":60,"column":25},"end":{"line":60,"column":31}},"loc":{"start":{"line":60,"column":31},"end":{"line":60,"column":null}}}},"branchMap":{"0":{"loc":{"start":{"line":28,"column":7},"end":{"line":71,"column":null}},"type":"cond-expr","locations":[{"start":{"line":29,"column":8},"end":{"line":29,"column":null}},{"start":{"line":31,"column":8},"end":{"line":71,"column":null}}]},"1":{"loc":{"start":{"line":32,"column":11},"end":{"line":53,"column":null}},"type":"cond-expr","locations":[{"start":{"line":33,"column":12},"end":{"line":35,"column":null}},{"start":{"line":37,"column":12},"end":{"line":53,"column":null}}]},"2":{"loc":{"start":{"line":38,"column":15},"end":{"line":51,"column":null}},"type":"cond-expr","locations":[{"start":{"line":39,"column":16},"end":{"line":41,"column":null}},{"start":{"line":43,"column":16},"end":{"line":51,"column":null}}]},"3":{"loc":{"start":{"line":57,"column":13},"end":{"line":68,"column":null}},"type":"binary-expr","locations":[{"start":{"line":57,"column":13},"end":{"line":57,"column":null}},{"start":{"line":58,"column":14},"end":{"line":68,"column":null}}]},"4":{"loc":{"start":{"line":61,"column":26},"end":{"line":61,"column":null}},"type":"binary-expr","locations":[{"start":{"line":61,"column":26},"end":{"line":61,"column":42}},{"start":{"line":61,"column":42},"end":{"line":61,"column":null}}]},"5":{"loc":{"start":{"line":63,"column":17},"end":{"line":67,"column":null}},"type":"cond-expr","locations":[{"start":{"line":64,"column":20},"end":{"line":64,"column":null}},{"start":{"line":65,"column":20},"end":{"line":67,"column":null}}]},"6":{"loc":{"start":{"line":65,"column":20},"end":{"line":67,"column":null}},"type":"cond-expr","locations":[{"start":{"line":66,"column":20},"end":{"line":66,"column":null}},{"start":{"line":67,"column":20},"end":{"line":67,"column":null}}]}},"s":{"0":0,"1":0,"2":0,"3":0,"4":0,"5":0,"6":0,"7":0,"8":0,"9":0},"f":{"0":0,"1":0,"2":0,"3":0,"4":0,"5":0},"b":{"0":[0,0],"1":[0,0],"2":[0,0],"3":[0,0],"4":[0,0],"5":[0,0],"6":[0,0]}}
,"/home/runner/work/movies-tracker/movies-tracker/src/pages/upcomingMovies/upcomingMovies.tsx": {"path":"/home/runner/work/movies-tracker/movies-tracker/src/pages/upcomingMovies/upcomingMovies.tsx","statementMap":{"0":{"start":{"line":10,"column":30},"end":{"line":71,"column":null}},"1":{"start":{"line":11,"column":22},"end":{"line":11,"column":null}},"2":{"start":{"line":20,"column":6},"end":{"line":24,"column":null}},"3":{"start":{"line":23,"column":6},"end":{"line":23,"column":null}},"4":{"start":{"line":26,"column":2},"end":{"line":69,"column":null}},"5":{"start":{"line":43,"column":16},"end":{"line":47,"column":null}},"6":{"start":{"line":44,"column":18},"end":{"line":46,"column":null}},"7":{"start":{"line":56,"column":31},"end":{"line":56,"column":null}}},"fnMap":{"0":{"name":"(anonymous_0)","decl":{"start":{"line":10,"column":30},"end":{"line":10,"column":31}},"loc":{"start":{"line":10,"column":84},"end":{"line":71,"column":null}}},"1":{"name":"(anonymous_1)","decl":{"start":{"line":22,"column":4},"end":{"line":22,"column":5}},"loc":{"start":{"line":23,"column":6},"end":{"line":23,"column":null}}},"2":{"name":"(anonymous_2)","decl":{"start":{"line":42,"column":40},"end":{"line":42,"column":41}},"loc":{"start":{"line":43,"column":16},"end":{"line":47,"column":null}}},"3":{"name":"(anonymous_3)","decl":{"start":{"line":43,"column":33},"end":{"line":43,"column":34}},"loc":{"start":{"line":44,"column":18},"end":{"line":46,"column":null}}},"4":{"name":"(anonymous_4)","decl":{"start":{"line":56,"column":25},"end":{"line":56,"column":31}},"loc":{"start":{"line":56,"column":31},"end":{"line":56,"column":null}}}},"branchMap":{"0":{"loc":{"start":{"line":32,"column":7},"end":{"line":67,"column":null}},"type":"cond-expr","locations":[{"start":{"line":33,"column":8},"end":{"line":33,"column":null}},{"start":{"line":35,"column":8},"end":{"line":67,"column":null}}]},"1":{"loc":{"start":{"line":36,"column":11},"end":{"line":49,"column":null}},"type":"cond-expr","locations":[{"start":{"line":37,"column":12},"end":{"line":39,"column":null}},{"start":{"line":41,"column":12},"end":{"line":49,"column":null}}]},"2":{"loc":{"start":{"line":53,"column":13},"end":{"line":64,"column":null}},"type":"binary-expr","locations":[{"start":{"line":53,"column":13},"end":{"line":53,"column":null}},{"start":{"line":54,"column":14},"end":{"line":64,"column":null}}]},"3":{"loc":{"start":{"line":57,"column":26},"end":{"line":57,"column":null}},"type":"binary-expr","locations":[{"start":{"line":57,"column":26},"end":{"line":57,"column":42}},{"start":{"line":57,"column":42},"end":{"line":57,"column":null}}]},"4":{"loc":{"start":{"line":59,"column":17},"end":{"line":63,"column":null}},"type":"cond-expr","locations":[{"start":{"line":60,"column":20},"end":{"line":60,"column":null}},{"start":{"line":61,"column":20},"end":{"line":63,"column":null}}]},"5":{"loc":{"start":{"line":61,"column":20},"end":{"line":63,"column":null}},"type":"cond-expr","locations":[{"start":{"line":62,"column":20},"end":{"line":62,"column":null}},{"start":{"line":63,"column":20},"end":{"line":63,"column":null}}]}},"s":{"0":0,"1":0,"2":0,"3":0,"4":0,"5":0,"6":0,"7":0},"f":{"0":0,"1":0,"2":0,"3":0,"4":0},"b":{"0":[0,0],"1":[0,0],"2":[0,0],"3":[0,0],"4":[0,0],"5":[0,0]}}
,"/home/runner/work/movies-tracker/movies-tracker/src/queries/useAccountDataQuery.ts": {"path":"/home/runner/work/movies-tracker/movies-tracker/src/queries/useAccountDataQuery.ts","statementMap":{"0":{"start":{"line":4,"column":28},"end":{"line":9,"column":null}},"1":{"start":{"line":5,"column":2},"end":{"line":8,"column":null}},"2":{"start":{"line":7,"column":19},"end":{"line":7,"column":null}}},"fnMap":{"0":{"name":"(anonymous_0)","decl":{"start":{"line":4,"column":28},"end":{"line":4,"column":29}},"loc":{"start":{"line":4,"column":79},"end":{"line":9,"column":null}}},"1":{"name":"(anonymous_1)","decl":{"start":{"line":7,"column":13},"end":{"line":7,"column":19}},"loc":{"start":{"line":7,"column":19},"end":{"line":7,"column":null}}}},"branchMap":{},"s":{"0":0,"1":0,"2":0},"f":{"0":0,"1":0},"b":{}}
,"/home/runner/work/movies-tracker/movies-tracker/src/queries/useGenresQuery.ts": {"path":"/home/runner/work/movies-tracker/movies-tracker/src/queries/useGenresQuery.ts","statementMap":{"0":{"start":{"line":4,"column":23},"end":{"line":9,"column":null}},"1":{"start":{"line":5,"column":2},"end":{"line":8,"column":null}},"2":{"start":{"line":7,"column":19},"end":{"line":7,"column":null}}},"fnMap":{"0":{"name":"(anonymous_0)","decl":{"start":{"line":4,"column":23},"end":{"line":4,"column":24}},"loc":{"start":{"line":4,"column":45},"end":{"line":9,"column":null}}},"1":{"name":"(anonymous_1)","decl":{"start":{"line":7,"column":13},"end":{"line":7,"column":19}},"loc":{"start":{"line":7,"column":19},"end":{"line":7,"column":null}}}},"branchMap":{},"s":{"0":4,"1":2,"2":2},"f":{"0":2,"1":2},"b":{}}
,"/home/runner/work/movies-tracker/movies-tracker/src/queries/useInfiniteMovieQuery.ts": {"path":"/home/runner/work/movies-tracker/movies-tracker/src/queries/useInfiniteMovieQuery.ts","statementMap":{"0":{"start":{"line":3,"column":30},"end":{"line":15,"column":null}},"1":{"start":{"line":4,"column":2},"end":{"line":14,"column":null}},"2":{"start":{"line":9,"column":6},"end":{"line":11,"column":null}},"3":{"start":{"line":10,"column":8},"end":{"line":10,"column":null}},"4":{"start":{"line":12,"column":6},"end":{"line":12,"column":null}}},"fnMap":{"0":{"name":"(anonymous_0)","decl":{"start":{"line":3,"column":30},"end":{"line":3,"column":31}},"loc":{"start":{"line":3,"column":63},"end":{"line":15,"column":null}}},"1":{"name":"(anonymous_1)","decl":{"start":{"line":8,"column":22},"end":{"line":8,"column":23}},"loc":{"start":{"line":8,"column":41},"end":{"line":13,"column":null}}}},"branchMap":{"0":{"loc":{"start":{"line":9,"column":6},"end":{"line":11,"column":null}},"type":"if","locations":[{"start":{"line":9,"column":6},"end":{"line":11,"column":null}},{"start":{"line":9,"column":6},"end":{"line":11,"column":null}}]}},"s":{"0":0,"1":0,"2":0,"3":0,"4":0},"f":{"0":0,"1":0},"b":{"0":[0,0]}}
,"/home/runner/work/movies-tracker/movies-tracker/src/queries/useMovieDetailsQuery.ts": {"path":"/home/runner/work/movies-tracker/movies-tracker/src/queries/useMovieDetailsQuery.ts","statementMap":{"0":{"start":{"line":4,"column":29},"end":{"line":14,"column":null}},"1":{"start":{"line":10,"column":2},"end":{"line":13,"column":null}},"2":{"start":{"line":12,"column":19},"end":{"line":12,"column":null}}},"fnMap":{"0":{"name":"(anonymous_0)","decl":{"start":{"line":4,"column":29},"end":{"line":4,"column":null}},"loc":{"start":{"line":9,"column":5},"end":{"line":14,"column":null}}},"1":{"name":"(anonymous_1)","decl":{"start":{"line":12,"column":13},"end":{"line":12,"column":19}},"loc":{"start":{"line":12,"column":19},"end":{"line":12,"column":null}}}},"branchMap":{},"s":{"0":0,"1":0,"2":0},"f":{"0":0,"1":0},"b":{}}
,"/home/runner/work/movies-tracker/movies-tracker/src/queries/useRequestTokenQuery.ts": {"path":"/home/runner/work/movies-tracker/movies-tracker/src/queries/useRequestTokenQuery.ts","statementMap":{"0":{"start":{"line":4,"column":29},"end":{"line":9,"column":null}},"1":{"start":{"line":5,"column":2},"end":{"line":8,"column":null}},"2":{"start":{"line":7,"column":19},"end":{"line":7,"column":null}}},"fnMap":{"0":{"name":"(anonymous_0)","decl":{"start":{"line":4,"column":29},"end":{"line":4,"column":35}},"loc":{"start":{"line":4,"column":35},"end":{"line":9,"column":null}}},"1":{"name":"(anonymous_1)","decl":{"start":{"line":7,"column":13},"end":{"line":7,"column":19}},"loc":{"start":{"line":7,"column":19},"end":{"line":7,"column":null}}}},"branchMap":{},"s":{"0":0,"1":0,"2":0},"f":{"0":0,"1":0},"b":{}}
,"/home/runner/work/movies-tracker/movies-tracker/src/store/useFiltersStore.ts": {"path":"/home/runner/work/movies-tracker/movies-tracker/src/store/useFiltersStore.ts","statementMap":{"0":{"start":{"line":18,"column":24},"end":{"line":57,"column":null}},"1":{"start":{"line":18,"column":56},"end":{"line":57,"column":2}},"2":{"start":{"line":27,"column":4},"end":{"line":29,"column":null}},"3":{"start":{"line":32,"column":4},"end":{"line":34,"column":null}},"4":{"start":{"line":32,"column":20},"end":{"line":34,"column":6}},"5":{"start":{"line":38,"column":4},"end":{"line":40,"column":null}},"6":{"start":{"line":38,"column":20},"end":{"line":40,"column":6}},"7":{"start":{"line":44,"column":4},"end":{"line":55,"column":null}},"8":{"start":{"line":45,"column":28},"end":{"line":45,"column":null}},"9":{"start":{"line":47,"column":6},"end":{"line":54,"column":null}},"10":{"start":{"line":48,"column":8},"end":{"line":50,"column":null}},"11":{"start":{"line":49,"column":66},"end":{"line":49,"column":95}},"12":{"start":{"line":52,"column":8},"end":{"line":52,"column":null}},"13":{"start":{"line":53,"column":8},"end":{"line":53,"column":null}}},"fnMap":{"0":{"name":"(anonymous_0)","decl":{"start":{"line":18,"column":46},"end":{"line":18,"column":47}},"loc":{"start":{"line":18,"column":56},"end":{"line":57,"column":2}}},"1":{"name":"(anonymous_1)","decl":{"start":{"line":26,"column":11},"end":{"line":26,"column":12}},"loc":{"start":{"line":27,"column":4},"end":{"line":29,"column":null}}},"2":{"name":"(anonymous_2)","decl":{"start":{"line":31,"column":16},"end":{"line":31,"column":17}},"loc":{"start":{"line":31,"column":44},"end":{"line":35,"column":null}}},"3":{"name":"(anonymous_3)","decl":{"start":{"line":32,"column":8},"end":{"line":32,"column":9}},"loc":{"start":{"line":32,"column":20},"end":{"line":34,"column":6}}},"4":{"name":"(anonymous_4)","decl":{"start":{"line":37,"column":14},"end":{"line":37,"column":15}},"loc":{"start":{"line":37,"column":40},"end":{"line":41,"column":null}}},"5":{"name":"(anonymous_5)","decl":{"start":{"line":38,"column":8},"end":{"line":38,"column":9}},"loc":{"start":{"line":38,"column":20},"end":{"line":40,"column":6}}},"6":{"name":"(anonymous_6)","decl":{"start":{"line":43,"column":13},"end":{"line":43,"column":14}},"loc":{"start":{"line":43,"column":32},"end":{"line":56,"column":null}}},"7":{"name":"(anonymous_7)","decl":{"start":{"line":44,"column":8},"end":{"line":44,"column":9}},"loc":{"start":{"line":44,"column":19},"end":{"line":55,"column":5}}},"8":{"name":"(anonymous_8)","decl":{"start":{"line":49,"column":47},"end":{"line":49,"column":48}},"loc":{"start":{"line":49,"column":66},"end":{"line":49,"column":95}}}},"branchMap":{"0":{"loc":{"start":{"line":47,"column":6},"end":{"line":54,"column":null}},"type":"if","locations":[{"start":{"line":47,"column":6},"end":{"line":54,"column":null}},{"start":{"line":51,"column":13},"end":{"line":54,"column":null}}]}},"s":{"0":4,"1":4,"2":0,"3":0,"4":0,"5":0,"6":0,"7":0,"8":0,"9":0,"10":0,"11":0,"12":0,"13":0},"f":{"0":4,"1":0,"2":0,"3":0,"4":0,"5":0,"6":0,"7":0,"8":0},"b":{"0":[0,0]}}
,"/home/runner/work/movies-tracker/movies-tracker/src/store/useMovieStore.ts": {"path":"/home/runner/work/movies-tracker/movies-tracker/src/store/useMovieStore.ts","statementMap":{"0":{"start":{"line":17,"column":22},"end":{"line":33,"column":null}},"1":{"start":{"line":17,"column":52},"end":{"line":33,"column":2}},"2":{"start":{"line":22,"column":35},"end":{"line":26,"column":null}},"3":{"start":{"line":28,"column":26},"end":{"line":32,"column":null}}},"fnMap":{"0":{"name":"(anonymous_0)","decl":{"start":{"line":17,"column":42},"end":{"line":17,"column":43}},"loc":{"start":{"line":17,"column":52},"end":{"line":33,"column":2}}},"1":{"name":"(anonymous_1)","decl":{"start":{"line":22,"column":18},"end":{"line":22,"column":19}},"loc":{"start":{"line":22,"column":35},"end":{"line":26,"column":null}}},"2":{"name":"(anonymous_2)","decl":{"start":{"line":28,"column":20},"end":{"line":28,"column":26}},"loc":{"start":{"line":28,"column":26},"end":{"line":32,"column":null}}}},"branchMap":{"0":{"loc":{"start":{"line":25,"column":13},"end":{"line":25,"column":null}},"type":"cond-expr","locations":[{"start":{"line":25,"column":55},"end":{"line":25,"column":75}},{"start":{"line":25,"column":75},"end":{"line":25,"column":null}}]}},"s":{"0":4,"1":4,"2":0,"3":0},"f":{"0":4,"1":0,"2":0},"b":{"0":[0,0]}}
,"/home/runner/work/movies-tracker/movies-tracker/src/store/useUserStore.ts": {"path":"/home/runner/work/movies-tracker/movies-tracker/src/store/useUserStore.ts","statementMap":{"0":{"start":{"line":14,"column":21},"end":{"line":30,"column":null}},"1":{"start":{"line":16,"column":14},"end":{"line":24,"column":null}},"2":{"start":{"line":22,"column":41},"end":{"line":22,"column":null}},"3":{"start":{"line":23,"column":24},"end":{"line":23,"column":null}},"4":{"start":{"line":27,"column":24},"end":{"line":27,"column":null}}},"fnMap":{"0":{"name":"(anonymous_0)","decl":{"start":{"line":16,"column":4},"end":{"line":16,"column":5}},"loc":{"start":{"line":16,"column":14},"end":{"line":24,"column":null}}},"1":{"name":"(anonymous_1)","decl":{"start":{"line":22,"column":22},"end":{"line":22,"column":23}},"loc":{"start":{"line":22,"column":41},"end":{"line":22,"column":null}}},"2":{"name":"(anonymous_2)","decl":{"start":{"line":23,"column":18},"end":{"line":23,"column":24}},"loc":{"start":{"line":23,"column":24},"end":{"line":23,"column":null}}},"3":{"name":"(anonymous_3)","decl":{"start":{"line":27,"column":18},"end":{"line":27,"column":24}},"loc":{"start":{"line":27,"column":24},"end":{"line":27,"column":null}}}},"branchMap":{},"s":{"0":4,"1":4,"2":0,"3":0,"4":4},"f":{"0":4,"1":0,"2":0,"3":4},"b":{}}
,"/home/runner/work/movies-tracker/movies-tracker/src/utils/constants.ts": {"path":"/home/runner/work/movies-tracker/movies-tracker/src/utils/constants.ts","statementMap":{"0":{"start":{"line":3,"column":48},"end":{"line":10,"column":null}},"1":{"start":{"line":12,"column":25},"end":{"line":31,"column":null}}},"fnMap":{},"branchMap":{},"s":{"0":6,"1":6},"f":{},"b":{}}
,"/home/runner/work/movies-tracker/movies-tracker/src/utils/index.ts": {"path":"/home/runner/work/movies-tracker/movies-tracker/src/utils/index.ts","statementMap":{"0":{"start":{"line":1,"column":24},"end":{"line":1,"column":null}},"1":{"start":{"line":1,"column":30},"end":{"line":1,"column":null}},"2":{"start":{"line":3,"column":32},"end":{"line":10,"column":null}},"3":{"start":{"line":4,"column":2},"end":{"line":9,"column":null}},"4":{"start":{"line":6,"column":6},"end":{"line":6,"column":null}},"5":{"start":{"line":8,"column":6},"end":{"line":8,"column":null}}},"fnMap":{"0":{"name":"(anonymous_0)","decl":{"start":{"line":1,"column":24},"end":{"line":1,"column":30}},"loc":{"start":{"line":1,"column":30},"end":{"line":1,"column":null}}},"1":{"name":"(anonymous_1)","decl":{"start":{"line":3,"column":32},"end":{"line":3,"column":33}},"loc":{"start":{"line":3,"column":62},"end":{"line":10,"column":null}}}},"branchMap":{"0":{"loc":{"start":{"line":4,"column":2},"end":{"line":9,"column":null}},"type":"switch","locations":[{"start":{"line":5,"column":4},"end":{"line":6,"column":null}},{"start":{"line":7,"column":4},"end":{"line":8,"column":null}}]}},"s":{"0":6,"1":9,"2":6,"3":2,"4":2,"5":0},"f":{"0":9,"1":2},"b":{"0":[2,0]}}
}
